[2025-08-13 23:53:57,818] WARNING django.request - Not Found: /api/entidades/
[2025-08-13 23:53:57,843] WARNING django.request - Not Found: /api/entidades/
[2025-08-19 00:02:08,920] WARNING django.request - Not Found: /api/certificado/generar/
[2025-08-19 00:04:35,744] ERROR django.request - Internal Server Error: /api/certificado/generar/
Traceback (most recent call last):
  File "C:\Users\moreiracristian\Documents\moreira\GrupoBIA\venvbia\Lib\site-packages\django\core\handlers\exception.py", line 55, in inner
    response = get_response(request)
               ^^^^^^^^^^^^^^^^^^^^^
  File "C:\Users\moreiracristian\Documents\moreira\GrupoBIA\venvbia\Lib\site-packages\django\core\handlers\base.py", line 197, in _get_response
    response = wrapped_callback(request, *callback_args, **callback_kwargs)
               ^^^^^^^^^^^^^^^^^^^^^^^^^^^^^^^^^^^^^^^^^^^^^^^^^^^^^^^^^^^^
  File "C:\Users\moreiracristian\Documents\moreira\GrupoBIA\venvbia\Lib\site-packages\django\views\decorators\csrf.py", line 65, in _view_wrapper
    return view_func(request, *args, **kwargs)
           ^^^^^^^^^^^^^^^^^^^^^^^^^^^^^^^^^^^
  File "C:\Users\moreiracristian\Documents\moreira\GrupoBIA\proyecto_bia\proyecto_bia\certificado_ldd\views.py", line 121, in api_generar_certificado
    with open(cert.pdf_file.path, 'rb') as f:
         ^^^^^^^^^^^^^^^^^^^^^^^^^^^^^^
FileNotFoundError: [Errno 2] No such file or directory: 'C:\\Users\\moreiracristian\\Documents\\moreira\\GrupoBIA\\proyecto_bia\\proyecto_bia\\media\\certificados_generados\\certificado_125478.pdf'
[2025-08-19 00:04:38,931] ERROR django.request - Internal Server Error: /api/certificado/generar/
Traceback (most recent call last):
  File "C:\Users\moreiracristian\Documents\moreira\GrupoBIA\venvbia\Lib\site-packages\django\core\handlers\exception.py", line 55, in inner
    response = get_response(request)
               ^^^^^^^^^^^^^^^^^^^^^
  File "C:\Users\moreiracristian\Documents\moreira\GrupoBIA\venvbia\Lib\site-packages\django\core\handlers\base.py", line 197, in _get_response
    response = wrapped_callback(request, *callback_args, **callback_kwargs)
               ^^^^^^^^^^^^^^^^^^^^^^^^^^^^^^^^^^^^^^^^^^^^^^^^^^^^^^^^^^^^
  File "C:\Users\moreiracristian\Documents\moreira\GrupoBIA\venvbia\Lib\site-packages\django\views\decorators\csrf.py", line 65, in _view_wrapper
    return view_func(request, *args, **kwargs)
           ^^^^^^^^^^^^^^^^^^^^^^^^^^^^^^^^^^^
  File "C:\Users\moreiracristian\Documents\moreira\GrupoBIA\proyecto_bia\proyecto_bia\certificado_ldd\views.py", line 121, in api_generar_certificado
    with open(cert.pdf_file.path, 'rb') as f:
         ^^^^^^^^^^^^^^^^^^^^^^^^^^^^^^
FileNotFoundError: [Errno 2] No such file or directory: 'C:\\Users\\moreiracristian\\Documents\\moreira\\GrupoBIA\\proyecto_bia\\proyecto_bia\\media\\certificados_generados\\certificado_125478.pdf'
[2025-08-19 00:06:18,463] WARNING django.request - Not Found: /api/entidades/
[2025-08-19 00:06:18,487] WARNING django.request - Not Found: /api/entidades/
[2025-08-19 00:07:46,168] WARNING django.request - Not Found: /api/mostrar-datos-bia/
[2025-08-20 01:14:05,900] WARNING django.request - Not Found: /api/entidades/
[2025-08-20 01:14:05,912] WARNING django.request - Not Found: /api/entidades/
[2025-08-20 01:14:13,228] WARNING django.request - Not Found: /api/entidades/
[2025-08-20 01:14:19,007] WARNING django.request - Not Found: /api/entidades/sugerencias/
[2025-08-20 01:14:30,864] WARNING django.request - Not Found: /api/entidades/
[2025-08-20 01:14:35,588] WARNING django.request - Not Found: /api/entidades/
[2025-08-20 01:15:19,345] WARNING django.request - Not Found: /api/mostrar-datos-bia/
[2025-08-20 01:15:21,806] WARNING django.request - Not Found: /api/mostrar-datos-bia/
[2025-08-20 01:15:24,951] WARNING django.request - Not Found: /api/entidades/
[2025-08-20 01:15:24,962] WARNING django.request - Not Found: /api/entidades/
[2025-08-20 01:15:56,390] WARNING django.request - Not Found: /api/entidades/
[2025-08-20 01:15:56,399] WARNING django.request - Not Found: /api/entidades/
[2025-08-20 01:16:27,815] WARNING django.request - Not Found: /api/mostrar-datos-bia/
[2025-08-22 19:42:35,393] WARNING django.request - Not Found: /api/entidades/
[2025-08-22 19:42:35,434] WARNING django.request - Not Found: /api/entidades/
[2025-08-22 19:43:15,683] WARNING django.request - Not Found: /api/entidades/
[2025-08-22 19:43:15,713] WARNING django.request - Not Found: /api/entidades/
[2025-08-22 19:43:34,032] WARNING django.request - Not Found: /api/entidades/
[2025-08-22 19:43:34,070] WARNING django.request - Not Found: /api/entidades/
[2025-08-22 19:44:20,136] WARNING django.request - Not Found: /api/mostrar-datos-bia/
[2025-08-22 19:45:31,570] WARNING django.request - Not Found: /api/entidades/
[2025-08-22 19:45:31,610] WARNING django.request - Not Found: /api/entidades/
[2025-08-22 19:57:15,579] WARNING django.request - Not Found: /api/entidades/
[2025-08-22 19:57:15,602] WARNING django.request - Not Found: /api/entidades/
[2025-08-23 01:25:17,897] WARNING django.request - Not Found: /api/entidades/
[2025-08-23 01:25:17,924] WARNING django.request - Not Found: /api/entidades/
[2025-08-23 01:29:04,811] WARNING django.request - Not Found: /api/certificado/generar/
[2025-08-23 02:48:22,996] WARNING django.request - Not Found: /api/entidades/
[2025-08-23 02:48:23,018] WARNING django.request - Not Found: /api/entidades/
[2025-08-23 02:48:33,564] WARNING django.request - Not Found: /api/entidades/sugerencias/
[2025-08-23 02:48:40,436] WARNING django.request - Not Found: /api/entidades/
[2025-08-23 02:48:48,920] WARNING django.request - Not Found: /api/entidades/
[2025-08-23 02:59:24,347] WARNING django.request - Not Found: /api/entidades/
[2025-08-23 02:59:24,381] WARNING django.request - Not Found: /api/entidades/
[2025-08-23 03:00:10,761] WARNING django.request - Not Found: /api/entidades/
[2025-08-23 03:00:10,806] WARNING django.request - Not Found: /api/entidades/
[2025-08-23 03:00:16,063] WARNING django.request - Not Found: /api/entidades/sugerencias/
[2025-08-23 03:00:23,360] WARNING django.request - Not Found: /api/entidades/
[2025-08-23 03:00:24,036] WARNING django.request - Not Found: /api/entidades/
[2025-08-23 03:00:24,219] WARNING django.request - Not Found: /api/entidades/
[2025-08-23 03:00:24,353] WARNING django.request - Not Found: /api/entidades/
[2025-08-23 03:00:24,467] WARNING django.request - Not Found: /api/entidades/
[2025-08-23 03:00:24,578] WARNING django.request - Not Found: /api/entidades/
[2025-08-23 03:00:24,745] WARNING django.request - Not Found: /api/entidades/
[2025-08-23 03:02:17,866] WARNING django.request - Not Found: /api/entidades/
[2025-08-23 03:19:21,465] WARNING django.request - Not Found: /api/entidades/
[2025-08-23 03:20:27,310] WARNING django.request - Not Found: /api/entidades/
[2025-08-23 03:20:27,334] WARNING django.request - Not Found: /api/entidades/
[2025-08-23 03:21:49,004] WARNING django.request - Not Found: /api/entidades/
[2025-08-23 03:23:03,290] WARNING django.request - Not Found: /api/entidades/
[2025-08-23 03:23:33,882] WARNING django.request - Not Found: /api/entidades/
[2025-08-23 03:23:34,335] WARNING django.request - Not Found: /favicon.ico
[2025-08-23 03:33:15,889] WARNING django.request - Unauthorized: /api/entidades/
[2025-08-23 03:33:15,900] WARNING django.request - Unauthorized: /api/entidades/
[2025-08-23 03:34:50,743] WARNING django.request - Not Found: /api/entidades/sugerencias/
[2025-08-23 03:35:19,767] WARNING django.request - Unauthorized: /api/entidades/
[2025-08-23 03:39:55,551] WARNING django.request - Unauthorized: /api/entidades/
[2025-08-23 03:40:05,478] WARNING django.request - Unauthorized: /api/entidades/sugerencias/
[2025-08-23 04:06:14,196] WARNING django.request - Unauthorized: /api/entidades/2/
[2025-08-23 04:07:16,424] WARNING django.request - Not Found: /api/entidades/sugerencias/
[2025-08-23 04:18:44,066] WARNING django.request - Not Found: /api/entidades/sugerencias/
[2025-08-23 04:25:29,197] WARNING django.request - Not Found: /api/entidades/sugerencias/
[2025-08-23 04:26:06,161] WARNING django.request - Not Found: /api/certificado/generar/
[2025-08-23 04:26:07,689] WARNING django.request - Not Found: /api/certificado/generar/
[2025-08-23 04:26:56,573] WARNING django.request - Not Found: /api/certificado/generar/
[2025-08-23 04:27:29,486] WARNING django.request - Not Found: /api/certificado/generar/
[2025-08-23 04:31:40,560] WARNING django.request - Not Found: /api/entidades/sugerencias/
[2025-08-23 04:32:03,089] WARNING django.request - Not Found: /api/certificado/generar/
[2025-08-23 04:34:21,923] WARNING django.request - Not Found: /api/entidades/sugerencias/
[2025-08-23 04:34:35,306] WARNING django.request - Not Found: /api/certificado/generar/
[2025-08-23 04:39:19,419] WARNING django.request - Not Found: /api/certificado/generar/
[2025-08-23 04:40:00,035] WARNING django.request - Unauthorized: /api/entidades/
[2025-08-23 04:40:00,046] WARNING django.request - Unauthorized: /api/entidades/
[2025-08-23 04:40:33,627] WARNING django.request - Not Found: /api/certificado/generar/
[2025-08-23 04:43:32,721] WARNING django.request - Not Found: /api/entidades/sugerencias/
[2025-08-23 04:44:11,080] WARNING django.request - Not Found: /api/entidades/sugerencias/
[2025-08-23 10:54:29,118] WARNING django.request - Not Found: /api/generar/
[2025-08-23 10:54:42,764] WARNING django.request - Unauthorized: /api/entidades/
[2025-08-23 10:54:42,787] WARNING django.request - Unauthorized: /api/entidades/
[2025-08-23 10:54:52,331] WARNING django.request - Not Found: /api/generar/
[2025-08-23 11:08:43,669] WARNING django.request - Not Found: /api/mostrar-datos-bia/
[2025-08-23 15:31:53,965] WARNING django.request - Unauthorized: /api/entidades/
[2025-08-23 15:31:53,973] WARNING django.request - Unauthorized: /api/entidades/
[2025-08-23 15:42:59,435] WARNING django.request - Not Found: /api/mostrar-datos-bia/
[2025-08-23 15:43:22,953] WARNING django.request - Not Found: /api/mostrar-datos-bia/
[2025-08-23 18:22:26,980] ERROR django.request - Internal Server Error: /api/generar/
Traceback (most recent call last):
  File "C:\Users\moreiracristian\Documents\moreira\GrupoBIA\venvbia\Lib\site-packages\django\db\backends\utils.py", line 105, in _execute
    return self.cursor.execute(sql, params)
           ^^^^^^^^^^^^^^^^^^^^^^^^^^^^^^^^
psycopg2.errors.UndefinedFunction: operator does not exist: character varying = integer
LINE 1: ...ROM "certificate" WHERE "certificate"."client_id" = 21 LIMIT...
                                                             ^
HINT:  No operator matches the given name and argument types. You might need to add explicit type casts.


The above exception was the direct cause of the following exception:

Traceback (most recent call last):
  File "C:\Users\moreiracristian\Documents\moreira\GrupoBIA\venvbia\Lib\site-packages\django\core\handlers\exception.py", line 55, in inner
    response = get_response(request)
               ^^^^^^^^^^^^^^^^^^^^^
  File "C:\Users\moreiracristian\Documents\moreira\GrupoBIA\venvbia\Lib\site-packages\django\core\handlers\base.py", line 197, in _get_response
    response = wrapped_callback(request, *callback_args, **callback_kwargs)
               ^^^^^^^^^^^^^^^^^^^^^^^^^^^^^^^^^^^^^^^^^^^^^^^^^^^^^^^^^^^^
  File "C:\Users\moreiracristian\Documents\moreira\GrupoBIA\venvbia\Lib\site-packages\django\views\decorators\csrf.py", line 65, in _view_wrapper
    return view_func(request, *args, **kwargs)
           ^^^^^^^^^^^^^^^^^^^^^^^^^^^^^^^^^^^
  File "C:\Users\moreiracristian\Documents\moreira\GrupoBIA\proyecto_bia\proyecto_bia\certificado_ldd\views.py", line 132, in api_generar_certificado
    certificate, created = Certificate.objects.get_or_create(client=registro)
                           ^^^^^^^^^^^^^^^^^^^^^^^^^^^^^^^^^^^^^^^^^^^^^^^^^^
  File "C:\Users\moreiracristian\Documents\moreira\GrupoBIA\venvbia\Lib\site-packages\django\db\models\manager.py", line 87, in manager_method
    return getattr(self.get_queryset(), name)(*args, **kwargs)
           ^^^^^^^^^^^^^^^^^^^^^^^^^^^^^^^^^^^^^^^^^^^^^^^^^^^
  File "C:\Users\moreiracristian\Documents\moreira\GrupoBIA\venvbia\Lib\site-packages\django\db\models\query.py", line 948, in get_or_create
    return self.get(**kwargs), False
           ^^^^^^^^^^^^^^^^^^
  File "C:\Users\moreiracristian\Documents\moreira\GrupoBIA\venvbia\Lib\site-packages\django\db\models\query.py", line 645, in get
    num = len(clone)
          ^^^^^^^^^^
  File "C:\Users\moreiracristian\Documents\moreira\GrupoBIA\venvbia\Lib\site-packages\django\db\models\query.py", line 382, in __len__
    self._fetch_all()
  File "C:\Users\moreiracristian\Documents\moreira\GrupoBIA\venvbia\Lib\site-packages\django\db\models\query.py", line 1928, in _fetch_all
    self._result_cache = list(self._iterable_class(self))
                         ^^^^^^^^^^^^^^^^^^^^^^^^^^^^^^^^
  File "C:\Users\moreiracristian\Documents\moreira\GrupoBIA\venvbia\Lib\site-packages\django\db\models\query.py", line 91, in __iter__
    results = compiler.execute_sql(
              ^^^^^^^^^^^^^^^^^^^^^
  File "C:\Users\moreiracristian\Documents\moreira\GrupoBIA\venvbia\Lib\site-packages\django\db\models\sql\compiler.py", line 1574, in execute_sql
    cursor.execute(sql, params)
  File "C:\Users\moreiracristian\Documents\moreira\GrupoBIA\venvbia\Lib\site-packages\django\db\backends\utils.py", line 122, in execute
    return super().execute(sql, params)
           ^^^^^^^^^^^^^^^^^^^^^^^^^^^^
  File "C:\Users\moreiracristian\Documents\moreira\GrupoBIA\venvbia\Lib\site-packages\django\db\backends\utils.py", line 79, in execute
    return self._execute_with_wrappers(
           ^^^^^^^^^^^^^^^^^^^^^^^^^^^^
  File "C:\Users\moreiracristian\Documents\moreira\GrupoBIA\venvbia\Lib\site-packages\django\db\backends\utils.py", line 92, in _execute_with_wrappers
    return executor(sql, params, many, context)
           ^^^^^^^^^^^^^^^^^^^^^^^^^^^^^^^^^^^^
  File "C:\Users\moreiracristian\Documents\moreira\GrupoBIA\venvbia\Lib\site-packages\django\db\backends\utils.py", line 100, in _execute
    with self.db.wrap_database_errors:
         ^^^^^^^^^^^^^^^^^^^^^^^^^^^^
  File "C:\Users\moreiracristian\Documents\moreira\GrupoBIA\venvbia\Lib\site-packages\django\db\utils.py", line 91, in __exit__
    raise dj_exc_value.with_traceback(traceback) from exc_value
  File "C:\Users\moreiracristian\Documents\moreira\GrupoBIA\venvbia\Lib\site-packages\django\db\backends\utils.py", line 105, in _execute
    return self.cursor.execute(sql, params)
           ^^^^^^^^^^^^^^^^^^^^^^^^^^^^^^^^
django.db.utils.ProgrammingError: operator does not exist: character varying = integer
LINE 1: ...ROM "certificate" WHERE "certificate"."client_id" = 21 LIMIT...
                                                             ^
HINT:  No operator matches the given name and argument types. You might need to add explicit type casts.

[2025-08-24 00:21:14,786] WARNING django.request - Unauthorized: /api/mostrar-datos-bia/
[2025-08-24 00:28:47,145] WARNING django.request - Not Found: /api/generar/
[2025-08-24 00:28:57,902] WARNING django.request - Not Found: /api/generar/
[2025-08-24 00:29:15,634] ERROR django.request - Internal Server Error: /api/generar/
Traceback (most recent call last):
  File "C:\Users\moreiracristian\Documents\moreira\GrupoBIA\venvbia\Lib\site-packages\django\db\backends\utils.py", line 105, in _execute
    return self.cursor.execute(sql, params)
           ^^^^^^^^^^^^^^^^^^^^^^^^^^^^^^^^
psycopg2.errors.UndefinedFunction: operator does not exist: character varying = integer
LINE 1: ...ROM "certificate" WHERE "certificate"."client_id" = 15 LIMIT...
                                                             ^
HINT:  No operator matches the given name and argument types. You might need to add explicit type casts.


The above exception was the direct cause of the following exception:

Traceback (most recent call last):
  File "C:\Users\moreiracristian\Documents\moreira\GrupoBIA\venvbia\Lib\site-packages\django\core\handlers\exception.py", line 55, in inner
    response = get_response(request)
               ^^^^^^^^^^^^^^^^^^^^^
  File "C:\Users\moreiracristian\Documents\moreira\GrupoBIA\venvbia\Lib\site-packages\django\core\handlers\base.py", line 197, in _get_response
    response = wrapped_callback(request, *callback_args, **callback_kwargs)
               ^^^^^^^^^^^^^^^^^^^^^^^^^^^^^^^^^^^^^^^^^^^^^^^^^^^^^^^^^^^^
  File "C:\Users\moreiracristian\Documents\moreira\GrupoBIA\venvbia\Lib\site-packages\django\views\decorators\csrf.py", line 65, in _view_wrapper
    return view_func(request, *args, **kwargs)
           ^^^^^^^^^^^^^^^^^^^^^^^^^^^^^^^^^^^
  File "C:\Users\moreiracristian\Documents\moreira\GrupoBIA\proyecto_bia\proyecto_bia\certificado_ldd\views.py", line 132, in api_generar_certificado
    certificate, created = Certificate.objects.get_or_create(client=registro)
                           ^^^^^^^^^^^^^^^^^^^^^^^^^^^^^^^^^^^^^^^^^^^^^^^^^^
  File "C:\Users\moreiracristian\Documents\moreira\GrupoBIA\venvbia\Lib\site-packages\django\db\models\manager.py", line 87, in manager_method
    return getattr(self.get_queryset(), name)(*args, **kwargs)
           ^^^^^^^^^^^^^^^^^^^^^^^^^^^^^^^^^^^^^^^^^^^^^^^^^^^
  File "C:\Users\moreiracristian\Documents\moreira\GrupoBIA\venvbia\Lib\site-packages\django\db\models\query.py", line 948, in get_or_create
    return self.get(**kwargs), False
           ^^^^^^^^^^^^^^^^^^
  File "C:\Users\moreiracristian\Documents\moreira\GrupoBIA\venvbia\Lib\site-packages\django\db\models\query.py", line 645, in get
    num = len(clone)
          ^^^^^^^^^^
  File "C:\Users\moreiracristian\Documents\moreira\GrupoBIA\venvbia\Lib\site-packages\django\db\models\query.py", line 382, in __len__
    self._fetch_all()
  File "C:\Users\moreiracristian\Documents\moreira\GrupoBIA\venvbia\Lib\site-packages\django\db\models\query.py", line 1928, in _fetch_all
    self._result_cache = list(self._iterable_class(self))
                         ^^^^^^^^^^^^^^^^^^^^^^^^^^^^^^^^
  File "C:\Users\moreiracristian\Documents\moreira\GrupoBIA\venvbia\Lib\site-packages\django\db\models\query.py", line 91, in __iter__
    results = compiler.execute_sql(
              ^^^^^^^^^^^^^^^^^^^^^
  File "C:\Users\moreiracristian\Documents\moreira\GrupoBIA\venvbia\Lib\site-packages\django\db\models\sql\compiler.py", line 1574, in execute_sql
    cursor.execute(sql, params)
  File "C:\Users\moreiracristian\Documents\moreira\GrupoBIA\venvbia\Lib\site-packages\django\db\backends\utils.py", line 122, in execute
    return super().execute(sql, params)
           ^^^^^^^^^^^^^^^^^^^^^^^^^^^^
  File "C:\Users\moreiracristian\Documents\moreira\GrupoBIA\venvbia\Lib\site-packages\django\db\backends\utils.py", line 79, in execute
    return self._execute_with_wrappers(
           ^^^^^^^^^^^^^^^^^^^^^^^^^^^^
  File "C:\Users\moreiracristian\Documents\moreira\GrupoBIA\venvbia\Lib\site-packages\django\db\backends\utils.py", line 92, in _execute_with_wrappers
    return executor(sql, params, many, context)
           ^^^^^^^^^^^^^^^^^^^^^^^^^^^^^^^^^^^^
  File "C:\Users\moreiracristian\Documents\moreira\GrupoBIA\venvbia\Lib\site-packages\django\db\backends\utils.py", line 100, in _execute
    with self.db.wrap_database_errors:
         ^^^^^^^^^^^^^^^^^^^^^^^^^^^^
  File "C:\Users\moreiracristian\Documents\moreira\GrupoBIA\venvbia\Lib\site-packages\django\db\utils.py", line 91, in __exit__
    raise dj_exc_value.with_traceback(traceback) from exc_value
  File "C:\Users\moreiracristian\Documents\moreira\GrupoBIA\venvbia\Lib\site-packages\django\db\backends\utils.py", line 105, in _execute
    return self.cursor.execute(sql, params)
           ^^^^^^^^^^^^^^^^^^^^^^^^^^^^^^^^
django.db.utils.ProgrammingError: operator does not exist: character varying = integer
LINE 1: ...ROM "certificate" WHERE "certificate"."client_id" = 15 LIMIT...
                                                             ^
HINT:  No operator matches the given name and argument types. You might need to add explicit type casts.

[2025-08-24 13:21:52,944] WARNING django.request - Unauthorized: /api/entidades/
[2025-08-24 13:21:52,967] WARNING django.request - Unauthorized: /api/entidades/
[2025-08-24 13:22:32,910] ERROR django.request - Internal Server Error: /api/generar/
Traceback (most recent call last):
  File "C:\Users\moreiracristian\Documents\moreira\GrupoBIA\venvbia\Lib\site-packages\django\core\handlers\exception.py", line 55, in inner
    response = get_response(request)
               ^^^^^^^^^^^^^^^^^^^^^
  File "C:\Users\moreiracristian\Documents\moreira\GrupoBIA\venvbia\Lib\site-packages\django\core\handlers\base.py", line 197, in _get_response
    response = wrapped_callback(request, *callback_args, **callback_kwargs)
               ^^^^^^^^^^^^^^^^^^^^^^^^^^^^^^^^^^^^^^^^^^^^^^^^^^^^^^^^^^^^
  File "C:\Users\moreiracristian\Documents\moreira\GrupoBIA\venvbia\Lib\site-packages\django\views\decorators\csrf.py", line 65, in _view_wrapper
    return view_func(request, *args, **kwargs)
           ^^^^^^^^^^^^^^^^^^^^^^^^^^^^^^^^^^^
  File "C:\Users\moreiracristian\Documents\moreira\GrupoBIA\proyecto_bia\proyecto_bia\certificado_ldd\views.py", line 179, in api_generar_certificado
    with open(cert.pdf_file.path, "rb") as f:
         ^^^^^^^^^^^^^^^^^^^^^^^^^^^^^^
FileNotFoundError: [Errno 2] No such file or directory: 'C:\\Users\\moreiracristian\\Documents\\moreira\\GrupoBIA\\proyecto_bia\\proyecto_bia\\media\\certificados_generados\\certificado_125478.pdf'
[2025-08-24 14:17:44,459] WARNING django.request - Not Found: /api/generar/
[2025-08-24 14:38:13,329] WARNING django.request - Not Found: /api/generar-certificado/
[2025-08-24 14:38:25,395] WARNING django.request - Not Found: /api/generar-certificado/
[2025-08-24 14:38:41,532] WARNING django.request - Not Found: /api/generar-certificado/
[2025-08-24 16:05:31,168] ERROR django.request - Internal Server Error: /api/generar-certificado/
Traceback (most recent call last):
  File "C:\Users\moreiracristian\Documents\moreira\GrupoBIA\venvbia\Lib\site-packages\django\core\handlers\exception.py", line 55, in inner
    response = get_response(request)
               ^^^^^^^^^^^^^^^^^^^^^
  File "C:\Users\moreiracristian\Documents\moreira\GrupoBIA\venvbia\Lib\site-packages\django\core\handlers\base.py", line 197, in _get_response
    response = wrapped_callback(request, *callback_args, **callback_kwargs)
               ^^^^^^^^^^^^^^^^^^^^^^^^^^^^^^^^^^^^^^^^^^^^^^^^^^^^^^^^^^^^
  File "C:\Users\moreiracristian\Documents\moreira\GrupoBIA\venvbia\Lib\site-packages\django\views\decorators\csrf.py", line 65, in _view_wrapper
    return view_func(request, *args, **kwargs)
           ^^^^^^^^^^^^^^^^^^^^^^^^^^^^^^^^^^^
  File "C:\Users\moreiracristian\Documents\moreira\GrupoBIA\proyecto_bia\proyecto_bia\certificado_ldd\views.py", line 256, in api_generar_certificado
    resp = HttpResponse(pdf, content_type="application/pdf")
           ^^^^^^^^^^^^
NameError: name 'HttpResponse' is not defined. Did you mean: 'JsonResponse'?
[2025-08-24 16:07:37,655] WARNING django.request - Not Found: /api/generar-certificado/
[2025-08-24 16:08:07,722] ERROR django.request - Internal Server Error: /api/generar-certificado/
Traceback (most recent call last):
  File "C:\Users\moreiracristian\Documents\moreira\GrupoBIA\venvbia\Lib\site-packages\django\core\handlers\exception.py", line 55, in inner
    response = get_response(request)
               ^^^^^^^^^^^^^^^^^^^^^
  File "C:\Users\moreiracristian\Documents\moreira\GrupoBIA\venvbia\Lib\site-packages\django\core\handlers\base.py", line 197, in _get_response
    response = wrapped_callback(request, *callback_args, **callback_kwargs)
               ^^^^^^^^^^^^^^^^^^^^^^^^^^^^^^^^^^^^^^^^^^^^^^^^^^^^^^^^^^^^
  File "C:\Users\moreiracristian\Documents\moreira\GrupoBIA\venvbia\Lib\site-packages\django\views\decorators\csrf.py", line 65, in _view_wrapper
    return view_func(request, *args, **kwargs)
           ^^^^^^^^^^^^^^^^^^^^^^^^^^^^^^^^^^^
  File "C:\Users\moreiracristian\Documents\moreira\GrupoBIA\proyecto_bia\proyecto_bia\certificado_ldd\views.py", line 256, in api_generar_certificado
    resp = HttpResponse(pdf, content_type="application/pdf")
           ^^^^^^^^^^^^
NameError: name 'HttpResponse' is not defined. Did you mean: 'JsonResponse'?
[2025-08-24 16:11:25,305] ERROR django.request - Internal Server Error: /api/generar-certificado/
Traceback (most recent call last):
  File "C:\Users\moreiracristian\Documents\moreira\GrupoBIA\venvbia\Lib\site-packages\django\core\handlers\exception.py", line 55, in inner
    response = get_response(request)
               ^^^^^^^^^^^^^^^^^^^^^
  File "C:\Users\moreiracristian\Documents\moreira\GrupoBIA\venvbia\Lib\site-packages\django\core\handlers\base.py", line 197, in _get_response
    response = wrapped_callback(request, *callback_args, **callback_kwargs)
               ^^^^^^^^^^^^^^^^^^^^^^^^^^^^^^^^^^^^^^^^^^^^^^^^^^^^^^^^^^^^
  File "C:\Users\moreiracristian\Documents\moreira\GrupoBIA\venvbia\Lib\site-packages\django\views\decorators\csrf.py", line 65, in _view_wrapper
    return view_func(request, *args, **kwargs)
           ^^^^^^^^^^^^^^^^^^^^^^^^^^^^^^^^^^^
  File "C:\Users\moreiracristian\Documents\moreira\GrupoBIA\proyecto_bia\proyecto_bia\certificado_ldd\views.py", line 256, in api_generar_certificado
    resp = HttpResponse(pdf, content_type="application/pdf")
           ^^^^^^^^^^^^
NameError: name 'HttpResponse' is not defined. Did you mean: 'JsonResponse'?
[2025-08-24 17:17:43,279] WARNING django.request - Not Found: /main.0abbbcf65d4c8087502c.hot-update.json
[2025-08-24 17:18:01,897] WARNING django.request - Not Found: /api/generar-certificado/
[2025-08-24 17:32:23,495] ERROR django.request - Internal Server Error: /api/generar-certificado/
[2025-08-24 17:41:31,661] WARNING django.request - Not Found: /api/generar-certificado/
[2025-08-24 18:19:36,725] WARNING django.request - Not Found: /carga-datos/api/
[2025-08-24 18:43:06,393] WARNING django.request - Not Found: /carga-datos/api/
[2025-08-24 18:45:13,565] WARNING django.request - Not Found: /api/generar-certificado/
[2025-08-24 18:45:52,815] WARNING django.request - Not Found: /api/generar-certificado/
[2025-08-24 18:47:16,404] WARNING django.request - Not Found: /carga-datos/api/
[2025-08-24 18:48:27,836] WARNING django.request - Not Found: /carga-datos/api/cargar/
[2025-08-24 18:49:08,432] WARNING django.request - Not Found: /main.72c92acc9c4ee497a5b0.hot-update.json
[2025-08-24 18:49:42,645] WARNING django.request - Not Found: /carga-datos/api/cargar/
[2025-08-24 18:51:48,463] WARNING django.request - Unauthorized: /api/entidades/
[2025-08-24 18:51:48,478] WARNING django.request - Unauthorized: /api/entidades/
[2025-08-24 18:52:08,511] WARNING django.request - Not Found: /carga-datos/api/cargar/
[2025-08-24 18:57:08,973] WARNING django.request - Not Found: /carga-datos/api/ping/
[2025-08-24 18:59:09,893] WARNING django.request - Not Found: /carga-datos/api/cargar/
[2025-08-24 19:01:41,505] WARNING django.request - Not Found: /carga-datos/api/cargar/
[2025-08-24 19:17:09,621] WARNING django.request - Not Found: /api/generar-certificado/
[2025-08-24 19:20:39,030] WARNING django.request - Not Found: /api/generar-certificado/
[2025-08-24 19:21:45,177] WARNING django.request - Not Found: /api/generar-certificado/
[2025-08-24 19:22:10,890] WARNING django.request - Not Found: /api/generar-certificado/
[2025-08-24 19:28:06,335] WARNING django.request - Not Found: /api/generar-certificado/
[2025-08-24 19:30:40,090] WARNING django.request - Unauthorized: /carga-datos/api/cargar/
[2025-08-24 19:41:11,481] INFO django.request - [angel] Faltan columnas en archivo 'clientes_ficticios_50.xlsx': ['entidad']
[2025-08-24 19:41:11,482] WARNING django.request - Bad Request: /carga-datos/api/cargar/
[2025-08-24 20:04:29,877] WARNING django.request - Unauthorized: /carga-datos/api/cargar/
[2025-08-24 20:04:48,717] INFO django.request - [angel] Previsualizacin cargada de 'clientes_ficticios_50.xlsx' con 50 registros.
[2025-08-24 20:04:50,053] ERROR django.request - Error en api_confirmar_carga:
Traceback (most recent call last):
  File "C:\Users\moreiracristian\Documents\moreira\GrupoBIA\venvbia\Lib\site-packages\django\db\backends\utils.py", line 105, in _execute
    return self.cursor.execute(sql, params)
           ^^^^^^^^^^^^^^^^^^^^^^^^^^^^^^^^
psycopg2.errors.UniqueViolation: duplicate key value violates unique constraint "uq_entidad_nombre_ci"
DETAIL:  Key (lower(nombre::text))=(linares, villar and aguilera) already exists.


The above exception was the direct cause of the following exception:

Traceback (most recent call last):
  File "C:\Users\moreiracristian\Documents\moreira\GrupoBIA\proyecto_bia\proyecto_bia\carga_datos\views.py", line 346, in api_confirmar_carga
    ent = _resolver_entidad(
          ^^^^^^^^^^^^^^^^^^
  File "C:\Users\moreiracristian\Documents\moreira\GrupoBIA\proyecto_bia\proyecto_bia\carga_datos\views.py", line 130, in _resolver_entidad
    ent = Entidad.objects.create(nombre=cand, responsable="", cargo="")
          ^^^^^^^^^^^^^^^^^^^^^^^^^^^^^^^^^^^^^^^^^^^^^^^^^^^^^^^^^^^^^
  File "C:\Users\moreiracristian\Documents\moreira\GrupoBIA\venvbia\Lib\site-packages\django\db\models\manager.py", line 87, in manager_method
    return getattr(self.get_queryset(), name)(*args, **kwargs)
           ^^^^^^^^^^^^^^^^^^^^^^^^^^^^^^^^^^^^^^^^^^^^^^^^^^^
  File "C:\Users\moreiracristian\Documents\moreira\GrupoBIA\venvbia\Lib\site-packages\django\db\models\query.py", line 679, in create
    obj.save(force_insert=True, using=self.db)
  File "C:\Users\moreiracristian\Documents\moreira\GrupoBIA\venvbia\Lib\site-packages\django\db\models\base.py", line 892, in save
    self.save_base(
  File "C:\Users\moreiracristian\Documents\moreira\GrupoBIA\venvbia\Lib\site-packages\django\db\models\base.py", line 998, in save_base
    updated = self._save_table(
              ^^^^^^^^^^^^^^^^^
  File "C:\Users\moreiracristian\Documents\moreira\GrupoBIA\venvbia\Lib\site-packages\django\db\models\base.py", line 1161, in _save_table
    results = self._do_insert(
              ^^^^^^^^^^^^^^^^
  File "C:\Users\moreiracristian\Documents\moreira\GrupoBIA\venvbia\Lib\site-packages\django\db\models\base.py", line 1202, in _do_insert
    return manager._insert(
           ^^^^^^^^^^^^^^^^
  File "C:\Users\moreiracristian\Documents\moreira\GrupoBIA\venvbia\Lib\site-packages\django\db\models\manager.py", line 87, in manager_method
    return getattr(self.get_queryset(), name)(*args, **kwargs)
           ^^^^^^^^^^^^^^^^^^^^^^^^^^^^^^^^^^^^^^^^^^^^^^^^^^^
  File "C:\Users\moreiracristian\Documents\moreira\GrupoBIA\venvbia\Lib\site-packages\django\db\models\query.py", line 1847, in _insert
    return query.get_compiler(using=using).execute_sql(returning_fields)
           ^^^^^^^^^^^^^^^^^^^^^^^^^^^^^^^^^^^^^^^^^^^^^^^^^^^^^^^^^^^^^
  File "C:\Users\moreiracristian\Documents\moreira\GrupoBIA\venvbia\Lib\site-packages\django\db\models\sql\compiler.py", line 1836, in execute_sql
    cursor.execute(sql, params)
  File "C:\Users\moreiracristian\Documents\moreira\GrupoBIA\venvbia\Lib\site-packages\django\db\backends\utils.py", line 122, in execute
    return super().execute(sql, params)
           ^^^^^^^^^^^^^^^^^^^^^^^^^^^^
  File "C:\Users\moreiracristian\Documents\moreira\GrupoBIA\venvbia\Lib\site-packages\django\db\backends\utils.py", line 79, in execute
    return self._execute_with_wrappers(
           ^^^^^^^^^^^^^^^^^^^^^^^^^^^^
  File "C:\Users\moreiracristian\Documents\moreira\GrupoBIA\venvbia\Lib\site-packages\django\db\backends\utils.py", line 92, in _execute_with_wrappers
    return executor(sql, params, many, context)
           ^^^^^^^^^^^^^^^^^^^^^^^^^^^^^^^^^^^^
  File "C:\Users\moreiracristian\Documents\moreira\GrupoBIA\venvbia\Lib\site-packages\django\db\backends\utils.py", line 100, in _execute
    with self.db.wrap_database_errors:
         ^^^^^^^^^^^^^^^^^^^^^^^^^^^^
  File "C:\Users\moreiracristian\Documents\moreira\GrupoBIA\venvbia\Lib\site-packages\django\db\utils.py", line 91, in __exit__
    raise dj_exc_value.with_traceback(traceback) from exc_value
  File "C:\Users\moreiracristian\Documents\moreira\GrupoBIA\venvbia\Lib\site-packages\django\db\backends\utils.py", line 105, in _execute
    return self.cursor.execute(sql, params)
           ^^^^^^^^^^^^^^^^^^^^^^^^^^^^^^^^
django.db.utils.IntegrityError: duplicate key value violates unique constraint "uq_entidad_nombre_ci"
DETAIL:  Key (lower(nombre::text))=(linares, villar and aguilera) already exists.


[2025-08-24 20:04:50,067] ERROR django.request - Internal Server Error: /carga-datos/api/confirmar/
[2025-08-24 20:04:56,992] WARNING django.request - Not Found: /carga-datos/api/errores/
[2025-08-24 20:04:57,684] WARNING django.request - Not Found: /carga-datos/api/errores/
[2025-08-24 20:09:27,030] WARNING django.request - Not Found: /api/mostrar-datos-bia/
[2025-08-24 20:09:39,745] WARNING django.request - Not Found: /api/mostrar-datos-bia/
[2025-08-24 20:09:41,288] WARNING django.request - Not Found: /api/mostrar-datos-bia/
[2025-08-24 20:09:41,893] WARNING django.request - Not Found: /api/mostrar-datos-bia/
[2025-08-24 20:09:42,083] WARNING django.request - Not Found: /api/mostrar-datos-bia/
[2025-08-24 20:09:42,243] WARNING django.request - Not Found: /api/mostrar-datos-bia/
[2025-08-24 20:09:42,377] WARNING django.request - Not Found: /api/mostrar-datos-bia/
[2025-08-24 20:10:17,112] WARNING django.request - Not Found: /api/mostrar-datos-bia/
[2025-08-24 20:10:44,933] WARNING django.request - Not Found: /api/mostrar-datos-bia/
[2025-08-24 20:15:18,737] WARNING django.request - Not Found: /api/entidades/
[2025-08-24 20:15:18,769] WARNING django.request - Not Found: /api/entidades/
[2025-08-24 20:15:23,228] WARNING django.request - Not Found: /api/entidades/
[2025-08-24 20:16:18,408] WARNING django.request - Not Found: /api/generar-certificado/
[2025-08-24 20:29:07,231] WARNING django.request - Not Found: /api/generar-certificado/
[2025-08-24 20:29:34,460] WARNING django.request - Not Found: /api/generar-certificado/
[2025-08-24 20:46:15,684] WARNING django.request - Not Found: /main.bbaf881659e426e72fe5.hot-update.json
[2025-08-25 20:38:34,815] WARNING django.request - Unauthorized: /carga-datos/api/mostrar-datos-bia/
[2025-08-25 20:38:36,128] ERROR django.request - Internal Server Error: /api/token/refresh/
Traceback (most recent call last):
  File "C:\Users\moreiracristian\Documents\moreira\GrupoBIA\venvbia\Lib\site-packages\django\core\handlers\exception.py", line 55, in inner
    response = get_response(request)
               ^^^^^^^^^^^^^^^^^^^^^
  File "C:\Users\moreiracristian\Documents\moreira\GrupoBIA\venvbia\Lib\site-packages\django\core\handlers\base.py", line 197, in _get_response
    response = wrapped_callback(request, *callback_args, **callback_kwargs)
               ^^^^^^^^^^^^^^^^^^^^^^^^^^^^^^^^^^^^^^^^^^^^^^^^^^^^^^^^^^^^
  File "C:\Users\moreiracristian\Documents\moreira\GrupoBIA\venvbia\Lib\site-packages\django\views\decorators\csrf.py", line 65, in _view_wrapper
    return view_func(request, *args, **kwargs)
           ^^^^^^^^^^^^^^^^^^^^^^^^^^^^^^^^^^^
  File "C:\Users\moreiracristian\Documents\moreira\GrupoBIA\venvbia\Lib\site-packages\django\views\generic\base.py", line 104, in view
    return self.dispatch(request, *args, **kwargs)
           ^^^^^^^^^^^^^^^^^^^^^^^^^^^^^^^^^^^^^^^
  File "C:\Users\moreiracristian\Documents\moreira\GrupoBIA\venvbia\Lib\site-packages\rest_framework\views.py", line 515, in dispatch
    response = self.handle_exception(exc)
               ^^^^^^^^^^^^^^^^^^^^^^^^^^
  File "C:\Users\moreiracristian\Documents\moreira\GrupoBIA\venvbia\Lib\site-packages\rest_framework\views.py", line 475, in handle_exception
    self.raise_uncaught_exception(exc)
  File "C:\Users\moreiracristian\Documents\moreira\GrupoBIA\venvbia\Lib\site-packages\rest_framework\views.py", line 486, in raise_uncaught_exception
    raise exc
  File "C:\Users\moreiracristian\Documents\moreira\GrupoBIA\venvbia\Lib\site-packages\rest_framework\views.py", line 512, in dispatch
    response = handler(request, *args, **kwargs)
               ^^^^^^^^^^^^^^^^^^^^^^^^^^^^^^^^^
  File "C:\Users\moreiracristian\Documents\moreira\GrupoBIA\venvbia\Lib\site-packages\rest_framework_simplejwt\views.py", line 44, in post
    serializer.is_valid(raise_exception=True)
  File "C:\Users\moreiracristian\Documents\moreira\GrupoBIA\venvbia\Lib\site-packages\rest_framework\serializers.py", line 225, in is_valid
    self._validated_data = self.run_validation(self.initial_data)
                           ^^^^^^^^^^^^^^^^^^^^^^^^^^^^^^^^^^^^^^
  File "C:\Users\moreiracristian\Documents\moreira\GrupoBIA\venvbia\Lib\site-packages\rest_framework\serializers.py", line 447, in run_validation
    value = self.validate(value)
            ^^^^^^^^^^^^^^^^^^^^
  File "C:\Users\moreiracristian\Documents\moreira\GrupoBIA\venvbia\Lib\site-packages\rest_framework_simplejwt\serializers.py", line 116, in validate
    user := get_user_model().objects.get(
            ^^^^^^^^^^^^^^^^^^^^^^^^^^^^^
  File "C:\Users\moreiracristian\Documents\moreira\GrupoBIA\venvbia\Lib\site-packages\django\db\models\manager.py", line 87, in manager_method
    return getattr(self.get_queryset(), name)(*args, **kwargs)
           ^^^^^^^^^^^^^^^^^^^^^^^^^^^^^^^^^^^^^^^^^^^^^^^^^^^
  File "C:\Users\moreiracristian\Documents\moreira\GrupoBIA\venvbia\Lib\site-packages\django\db\models\query.py", line 649, in get
    raise self.model.DoesNotExist(
django.contrib.auth.models.User.DoesNotExist: User matching query does not exist.
[2025-08-26 23:46:05,307] WARNING django.request - Unauthorized: /carga-datos/api/mostrar-datos-bia/14/
[2025-08-26 23:50:21,794] ERROR django.request - Internal Server Error: /api/certificado/generar/
[2025-08-27 00:29:22,204] ERROR django.request - Internal Server Error: /api/certificado/generar/
[2025-08-27 00:30:12,548] ERROR django.request - Internal Server Error: /api/certificado/generar/
[2025-08-27 00:52:20,645] WARNING django.request - Not Found: /api/certificado/generar/
[2025-08-27 00:52:21,118] WARNING django.request - Not Found: /api/certificado/generar-certificado/
[2025-08-27 00:52:21,475] WARNING django.request - Not Found: /api/generar-certificado/
[2025-08-27 00:58:24,808] WARNING django.request - Not Found: /api/certificado/generar/
[2025-08-27 00:58:25,163] WARNING django.request - Not Found: /api/certificado/generar-certificado/
[2025-08-27 00:58:25,517] WARNING django.request - Not Found: /api/generar-certificado/
[2025-08-27 01:57:15,572] INFO django.utils.autoreload - Watching for file changes with StatReloader
[2025-08-27 01:59:44,079] INFO django.utils.autoreload - /Users/angel/Desktop/Proyecto Grupo BIA/GrupoBIA/proyecto_bia/proyecto_bia/proyecto_bia/settings.py changed, reloading.
[2025-08-27 01:59:44,518] INFO django.utils.autoreload - Watching for file changes with StatReloader
[2025-08-27 02:00:29,685] INFO django.utils.autoreload - Watching for file changes with StatReloader
[2025-08-27 02:00:45,965] INFO certificado_ldd.views - [api_generar_certificado] method=POST
[2025-08-27 02:00:45,966] INFO certificado_ldd.views - [_handle_post_generar] POST dni='14752495' id_pago_unico='' prefer_html=False
[2025-08-27 02:00:46,389] DEBUG certificado_ldd.views - [_is_cancelado] id=27810 estado=cancelado -> True
[2025-08-27 02:00:46,389] DEBUG certificado_ldd.views - [_is_cancelado] id=245937 estado=agencia externa -> False
[2025-08-27 02:00:46,389] DEBUG certificado_ldd.views - [_is_cancelado] id=9016348 estado=cancelado -> True
[2025-08-27 02:00:46,389] DEBUG certificado_ldd.views - [_is_cancelado] id=27810 estado=cancelado -> True
[2025-08-27 02:00:46,389] DEBUG certificado_ldd.views - [_is_cancelado] id=245937 estado=agencia externa -> False
[2025-08-27 02:00:46,389] DEBUG certificado_ldd.views - [_is_cancelado] id=9016348 estado=cancelado -> True
[2025-08-27 02:00:46,390] DEBUG certificado_ldd.views - [_handle_post_generar] DNI=14752495 -> cancelados=2 pendientes=1
[2025-08-27 02:00:46,399] INFO certificado_ldd.views - [_handle_post_generar] M煤ltiples cancelados: redirigir a selecci贸n HTML -> http://localhost:8000/api/certificado/seleccionar/?dni=14752495
[2025-08-27 02:01:50,180] INFO certificado_ldd.views - [seleccionar_certificado] GET dni='14752495'
[2025-08-27 02:01:50,773] DEBUG certificado_ldd.views - [_is_cancelado] id=27810 estado=cancelado -> True
[2025-08-27 02:01:50,774] DEBUG certificado_ldd.views - [_is_cancelado] id=245937 estado=agencia externa -> False
[2025-08-27 02:01:50,774] DEBUG certificado_ldd.views - [_is_cancelado] id=9016348 estado=cancelado -> True
[2025-08-27 02:01:50,774] DEBUG certificado_ldd.views - [_is_cancelado] id=27810 estado=cancelado -> True
[2025-08-27 02:01:50,774] DEBUG certificado_ldd.views - [_is_cancelado] id=245937 estado=agencia externa -> False
[2025-08-27 02:01:50,774] DEBUG certificado_ldd.views - [_is_cancelado] id=9016348 estado=cancelado -> True
[2025-08-27 02:01:50,774] DEBUG certificado_ldd.views - [seleccionar_certificado] DNI=14752495 -> cancelados=2 pendientes=1
[2025-08-27 02:01:50,992] WARNING django.request - Not Found: /favicon.ico
[2025-08-27 02:02:03,668] INFO certificado_ldd.views - [api_generar_certificado] method=POST
[2025-08-27 02:02:03,669] INFO certificado_ldd.views - [_handle_post_generar] POST dni='14752495' id_pago_unico='27810' prefer_html=False
[2025-08-27 02:02:04,020] DEBUG certificado_ldd.views - [_is_cancelado] id=27810 estado=cancelado -> True
[2025-08-27 02:02:04,021] INFO certificado_ldd.views - [_render_pdf_for_registro] Preparando PDF para id_pago_unico=27810
[2025-08-27 02:02:04,066] DEBUG certificado_ldd.views - [_render_pdf_for_registro] cert_id=2 created=False need_generate=False path=/Users/angel/Desktop/Proyecto Grupo BIA/GrupoBIA/proyecto_bia/proyecto_bia/media/certificados_generados/certificado_27810.pdf
[2025-08-27 02:02:04,068] INFO certificado_ldd.views - [_render_pdf_for_registro] PDF existente reutilizado (131923 bytes)
[2025-08-27 02:02:04,069] INFO certificado_ldd.views - [_handle_post_generar] PDF entregado id=27810 (131923 bytes)
[2025-08-27 02:02:11,024] INFO certificado_ldd.views - [api_generar_certificado] method=POST
[2025-08-27 02:02:11,025] INFO certificado_ldd.views - [_handle_post_generar] POST dni='14752495' id_pago_unico='9016348' prefer_html=False
[2025-08-27 02:02:11,377] DEBUG certificado_ldd.views - [_is_cancelado] id=9016348 estado=cancelado -> True
[2025-08-27 02:02:11,377] INFO certificado_ldd.views - [_render_pdf_for_registro] Preparando PDF para id_pago_unico=9016348
[2025-08-27 02:02:11,421] DEBUG certificado_ldd.views - [_render_pdf_for_registro] cert_id=1 created=False need_generate=False path=/Users/angel/Desktop/Proyecto Grupo BIA/GrupoBIA/proyecto_bia/proyecto_bia/media/certificados_generados/certificado_9016348.pdf
[2025-08-27 02:02:11,422] INFO certificado_ldd.views - [_render_pdf_for_registro] PDF existente reutilizado (23622 bytes)
[2025-08-27 02:02:11,422] INFO certificado_ldd.views - [_handle_post_generar] PDF entregado id=9016348 (23622 bytes)
[2025-08-27 02:10:22,388] INFO django.utils.autoreload - Watching for file changes with StatReloader
[2025-08-27 02:10:36,764] INFO certificado_ldd.views - [api_generar_certificado] method=POST
[2025-08-27 02:10:36,764] INFO certificado_ldd.views - [_handle_post_generar] POST dni='14752495' id_pago_unico='' prefer_html=False
[2025-08-27 02:10:37,155] DEBUG certificado_ldd.views - [_is_cancelado] id=27810 estado=cancelado -> True
[2025-08-27 02:10:37,156] DEBUG certificado_ldd.views - [_is_cancelado] id=245937 estado=agencia externa -> False
[2025-08-27 02:10:37,156] DEBUG certificado_ldd.views - [_is_cancelado] id=9016348 estado=cancelado -> True
[2025-08-27 02:10:37,156] DEBUG certificado_ldd.views - [_is_cancelado] id=27810 estado=cancelado -> True
[2025-08-27 02:10:37,156] DEBUG certificado_ldd.views - [_is_cancelado] id=245937 estado=agencia externa -> False
[2025-08-27 02:10:37,157] DEBUG certificado_ldd.views - [_is_cancelado] id=9016348 estado=cancelado -> True
[2025-08-27 02:10:37,157] DEBUG certificado_ldd.views - [_handle_post_generar] DNI=14752495 -> cancelados=2 pendientes=1
[2025-08-27 02:10:37,165] INFO certificado_ldd.views - [_handle_post_generar] M煤ltiples cancelados: redirigir a selecci贸n HTML -> http://localhost:8000/api/certificado/seleccionar/?dni=14752495
[2025-08-27 02:10:48,064] INFO certificado_ldd.views - [api_generar_certificado] method=POST
[2025-08-27 02:10:48,065] INFO certificado_ldd.views - [_handle_post_generar] POST dni='14752495' id_pago_unico='' prefer_html=False
[2025-08-27 02:10:48,460] DEBUG certificado_ldd.views - [_is_cancelado] id=27810 estado=cancelado -> True
[2025-08-27 02:10:48,460] DEBUG certificado_ldd.views - [_is_cancelado] id=245937 estado=agencia externa -> False
[2025-08-27 02:10:48,460] DEBUG certificado_ldd.views - [_is_cancelado] id=9016348 estado=cancelado -> True
[2025-08-27 02:10:48,461] DEBUG certificado_ldd.views - [_is_cancelado] id=27810 estado=cancelado -> True
[2025-08-27 02:10:48,461] DEBUG certificado_ldd.views - [_is_cancelado] id=245937 estado=agencia externa -> False
[2025-08-27 02:10:48,461] DEBUG certificado_ldd.views - [_is_cancelado] id=9016348 estado=cancelado -> True
[2025-08-27 02:10:48,461] DEBUG certificado_ldd.views - [_handle_post_generar] DNI=14752495 -> cancelados=2 pendientes=1
[2025-08-27 02:10:48,461] INFO certificado_ldd.views - [_handle_post_generar] M煤ltiples cancelados: redirigir a selecci贸n HTML -> http://localhost:8000/api/certificado/seleccionar/?dni=14752495
[2025-08-27 02:11:26,841] INFO certificado_ldd.views - [seleccionar_certificado] GET dni='14752495'
[2025-08-27 02:11:27,305] DEBUG certificado_ldd.views - [_is_cancelado] id=27810 estado=cancelado -> True
[2025-08-27 02:11:27,305] DEBUG certificado_ldd.views - [_is_cancelado] id=245937 estado=agencia externa -> False
[2025-08-27 02:11:27,305] DEBUG certificado_ldd.views - [_is_cancelado] id=9016348 estado=cancelado -> True
[2025-08-27 02:11:27,306] DEBUG certificado_ldd.views - [_is_cancelado] id=27810 estado=cancelado -> True
[2025-08-27 02:11:27,306] DEBUG certificado_ldd.views - [_is_cancelado] id=245937 estado=agencia externa -> False
[2025-08-27 02:11:27,306] DEBUG certificado_ldd.views - [_is_cancelado] id=9016348 estado=cancelado -> True
[2025-08-27 02:11:27,306] DEBUG certificado_ldd.views - [seleccionar_certificado] DNI=14752495 -> cancelados=2 pendientes=1
[2025-08-27 02:12:38,164] INFO django.utils.autoreload - Watching for file changes with StatReloader
[2025-08-27 02:13:19,603] INFO certificado_ldd.views - [api_generar_certificado] method=POST
[2025-08-27 02:13:19,604] INFO certificado_ldd.views - [_handle_post_generar] POST dni='14752495' id_pago_unico='' prefer_html=False
[2025-08-27 02:13:20,158] DEBUG certificado_ldd.views - [_is_cancelado] id=27810 estado=cancelado -> True
[2025-08-27 02:13:20,158] DEBUG certificado_ldd.views - [_is_cancelado] id=245937 estado=agencia externa -> False
[2025-08-27 02:13:20,158] DEBUG certificado_ldd.views - [_is_cancelado] id=9016348 estado=cancelado -> True
[2025-08-27 02:13:20,158] DEBUG certificado_ldd.views - [_is_cancelado] id=27810 estado=cancelado -> True
[2025-08-27 02:13:20,158] DEBUG certificado_ldd.views - [_is_cancelado] id=245937 estado=agencia externa -> False
[2025-08-27 02:13:20,159] DEBUG certificado_ldd.views - [_is_cancelado] id=9016348 estado=cancelado -> True
[2025-08-27 02:13:20,159] DEBUG certificado_ldd.views - [_handle_post_generar] DNI=14752495 -> cancelados=2 pendientes=1
[2025-08-27 02:13:20,168] INFO certificado_ldd.views - [_handle_post_generar] M煤ltiples cancelados: redirigir a selecci贸n HTML -> http://localhost:8000/api/certificado/seleccionar/?dni=14752495
[2025-08-27 02:13:43,079] INFO certificado_ldd.views - [seleccionar_certificado] GET dni='14752495'
[2025-08-27 02:13:43,466] DEBUG certificado_ldd.views - [_is_cancelado] id=27810 estado=cancelado -> True
[2025-08-27 02:13:43,467] DEBUG certificado_ldd.views - [_is_cancelado] id=245937 estado=agencia externa -> False
[2025-08-27 02:13:43,467] DEBUG certificado_ldd.views - [_is_cancelado] id=9016348 estado=cancelado -> True
[2025-08-27 02:13:43,467] DEBUG certificado_ldd.views - [_is_cancelado] id=27810 estado=cancelado -> True
[2025-08-27 02:13:43,467] DEBUG certificado_ldd.views - [_is_cancelado] id=245937 estado=agencia externa -> False
[2025-08-27 02:13:43,467] DEBUG certificado_ldd.views - [_is_cancelado] id=9016348 estado=cancelado -> True
[2025-08-27 02:13:43,467] DEBUG certificado_ldd.views - [seleccionar_certificado] DNI=14752495 -> cancelados=2 pendientes=1
[2025-08-27 02:15:11,036] INFO django.utils.autoreload - Watching for file changes with StatReloader
[2025-08-27 02:15:22,667] INFO certificado_ldd.views - [api_generar_certificado] method=POST
[2025-08-27 02:15:22,667] INFO certificado_ldd.views - [_handle_post_generar] POST dni='14752495' id_pago_unico='' prefer_html=False
[2025-08-27 02:15:23,058] DEBUG certificado_ldd.views - [_is_cancelado] id=27810 estado=cancelado -> True
[2025-08-27 02:15:23,058] DEBUG certificado_ldd.views - [_is_cancelado] id=245937 estado=agencia externa -> False
[2025-08-27 02:15:23,058] DEBUG certificado_ldd.views - [_is_cancelado] id=9016348 estado=cancelado -> True
[2025-08-27 02:15:23,058] DEBUG certificado_ldd.views - [_is_cancelado] id=27810 estado=cancelado -> True
[2025-08-27 02:15:23,058] DEBUG certificado_ldd.views - [_is_cancelado] id=245937 estado=agencia externa -> False
[2025-08-27 02:15:23,058] DEBUG certificado_ldd.views - [_is_cancelado] id=9016348 estado=cancelado -> True
[2025-08-27 02:15:23,059] DEBUG certificado_ldd.views - [_handle_post_generar] DNI=14752495 -> cancelados=2 pendientes=1
[2025-08-27 02:15:23,066] INFO certificado_ldd.views - [_handle_post_generar] M煤ltiples cancelados: redirigir a selecci贸n HTML -> http://localhost:8000/api/certificado/seleccionar/?dni=14752495
[2025-08-27 02:15:30,155] INFO certificado_ldd.views - [api_generar_certificado] method=POST
[2025-08-27 02:15:30,155] INFO certificado_ldd.views - [_handle_post_generar] POST dni='14752495' id_pago_unico='' prefer_html=False
[2025-08-27 02:15:30,626] DEBUG certificado_ldd.views - [_is_cancelado] id=27810 estado=cancelado -> True
[2025-08-27 02:15:30,626] DEBUG certificado_ldd.views - [_is_cancelado] id=245937 estado=agencia externa -> False
[2025-08-27 02:15:30,626] DEBUG certificado_ldd.views - [_is_cancelado] id=9016348 estado=cancelado -> True
[2025-08-27 02:15:30,626] DEBUG certificado_ldd.views - [_is_cancelado] id=27810 estado=cancelado -> True
[2025-08-27 02:15:30,626] DEBUG certificado_ldd.views - [_is_cancelado] id=245937 estado=agencia externa -> False
[2025-08-27 02:15:30,626] DEBUG certificado_ldd.views - [_is_cancelado] id=9016348 estado=cancelado -> True
[2025-08-27 02:15:30,626] DEBUG certificado_ldd.views - [_handle_post_generar] DNI=14752495 -> cancelados=2 pendientes=1
[2025-08-27 02:15:30,626] INFO certificado_ldd.views - [_handle_post_generar] M煤ltiples cancelados: redirigir a selecci贸n HTML -> http://localhost:8000/api/certificado/seleccionar/?dni=14752495
[2025-08-27 02:18:18,788] INFO certificado_ldd.views - [api_generar_certificado] method=POST
[2025-08-27 02:18:18,789] INFO certificado_ldd.views - [_handle_post_generar] POST dni='20250827' id_pago_unico='' prefer_html=False
[2025-08-27 02:18:19,252] INFO certificado_ldd.views - [_handle_post_generar] No hay registros para DNI=20250827
[2025-08-27 02:18:19,253] WARNING django.request - Not Found: /api/certificado/generar/
[2025-08-27 02:18:19,270] INFO certificado_ldd.views - [api_generar_certificado] method=POST
[2025-08-27 02:18:19,270] INFO certificado_ldd.views - [_handle_post_generar] POST dni='20250827' id_pago_unico='' prefer_html=False
[2025-08-27 02:18:19,660] INFO certificado_ldd.views - [_handle_post_generar] No hay registros para DNI=20250827
[2025-08-27 02:18:19,661] WARNING django.request - Not Found: /api/certificado/generar-certificado/
[2025-08-27 02:18:19,673] INFO certificado_ldd.views - [api_generar_certificado] method=POST
[2025-08-27 02:18:19,674] INFO certificado_ldd.views - [_handle_post_generar] POST dni='20250827' id_pago_unico='' prefer_html=False
[2025-08-27 02:18:20,053] INFO certificado_ldd.views - [_handle_post_generar] No hay registros para DNI=20250827
[2025-08-27 02:18:20,054] WARNING django.request - Not Found: /api/generar-certificado/
[2025-08-27 02:18:38,260] INFO certificado_ldd.views - [api_generar_certificado] method=POST
[2025-08-27 02:18:38,261] INFO certificado_ldd.views - [_handle_post_generar] POST dni='14752495' id_pago_unico='' prefer_html=False
[2025-08-27 02:18:38,664] DEBUG certificado_ldd.views - [_is_cancelado] id=27810 estado=cancelado -> True
[2025-08-27 02:18:38,664] DEBUG certificado_ldd.views - [_is_cancelado] id=245937 estado=agencia externa -> False
[2025-08-27 02:18:38,665] DEBUG certificado_ldd.views - [_is_cancelado] id=9016348 estado=cancelado -> True
[2025-08-27 02:18:38,665] DEBUG certificado_ldd.views - [_is_cancelado] id=27810 estado=cancelado -> True
[2025-08-27 02:18:38,665] DEBUG certificado_ldd.views - [_is_cancelado] id=245937 estado=agencia externa -> False
[2025-08-27 02:18:38,665] DEBUG certificado_ldd.views - [_is_cancelado] id=9016348 estado=cancelado -> True
[2025-08-27 02:18:38,665] DEBUG certificado_ldd.views - [_handle_post_generar] DNI=14752495 -> cancelados=2 pendientes=1
[2025-08-27 02:18:38,666] INFO certificado_ldd.views - [_handle_post_generar] M煤ltiples cancelados: redirigir a selecci贸n HTML -> http://localhost:8000/api/certificado/seleccionar/?dni=14752495
[2025-08-27 02:21:08,556] INFO django.utils.autoreload - Watching for file changes with StatReloader
[2025-08-27 02:21:21,581] INFO certificado_ldd.views - [api_generar_certificado] method=POST
[2025-08-27 02:21:21,582] INFO certificado_ldd.views - [_handle_post_generar] POST dni='14752495' id_pago_unico='' prefer_html=False
[2025-08-27 02:21:22,022] DEBUG certificado_ldd.views - [_is_cancelado] id=27810 estado=cancelado -> True
[2025-08-27 02:21:22,022] DEBUG certificado_ldd.views - [_is_cancelado] id=245937 estado=agencia externa -> False
[2025-08-27 02:21:22,022] DEBUG certificado_ldd.views - [_is_cancelado] id=9016348 estado=cancelado -> True
[2025-08-27 02:21:22,022] DEBUG certificado_ldd.views - [_is_cancelado] id=27810 estado=cancelado -> True
[2025-08-27 02:21:22,022] DEBUG certificado_ldd.views - [_is_cancelado] id=245937 estado=agencia externa -> False
[2025-08-27 02:21:22,022] DEBUG certificado_ldd.views - [_is_cancelado] id=9016348 estado=cancelado -> True
[2025-08-27 02:21:22,022] DEBUG certificado_ldd.views - [_handle_post_generar] DNI=14752495 -> cancelados=2 pendientes=1
[2025-08-27 02:21:22,026] INFO certificado_ldd.views - [_handle_post_generar] M煤ltiples cancelados: redirigir a selecci贸n HTML -> http://localhost:8000/api/certificado/seleccionar/?dni=14752495
[2025-08-27 02:22:22,834] INFO certificado_ldd.views - [seleccionar_certificado] GET dni='14752495'
[2025-08-27 02:22:23,303] DEBUG certificado_ldd.views - [_is_cancelado] id=27810 estado=cancelado -> True
[2025-08-27 02:22:23,304] DEBUG certificado_ldd.views - [_is_cancelado] id=245937 estado=agencia externa -> False
[2025-08-27 02:22:23,304] DEBUG certificado_ldd.views - [_is_cancelado] id=9016348 estado=cancelado -> True
[2025-08-27 02:22:23,304] DEBUG certificado_ldd.views - [_is_cancelado] id=27810 estado=cancelado -> True
[2025-08-27 02:22:23,304] DEBUG certificado_ldd.views - [_is_cancelado] id=245937 estado=agencia externa -> False
[2025-08-27 02:22:23,304] DEBUG certificado_ldd.views - [_is_cancelado] id=9016348 estado=cancelado -> True
[2025-08-27 02:22:23,304] DEBUG certificado_ldd.views - [seleccionar_certificado] DNI=14752495 -> cancelados=2 pendientes=1
[2025-08-27 02:22:26,550] INFO certificado_ldd.views - [api_generar_certificado] method=GET
[2025-08-27 02:22:26,551] INFO certificado_ldd.views - [_handle_get_generar] GET dni='14752495' id_pago_unico='27810'
[2025-08-27 02:22:26,965] DEBUG certificado_ldd.views - [_is_cancelado] id=27810 estado=cancelado -> True
[2025-08-27 02:22:26,965] INFO certificado_ldd.views - [_render_pdf_for_registro] Preparando PDF para id_pago_unico=27810
[2025-08-27 02:22:27,009] DEBUG certificado_ldd.views - [_render_pdf_for_registro] cert_id=2 created=False need_generate=False path=/Users/angel/Desktop/Proyecto Grupo BIA/GrupoBIA/proyecto_bia/proyecto_bia/media/certificados_generados/certificado_27810.pdf
[2025-08-27 02:22:27,011] INFO certificado_ldd.views - [_render_pdf_for_registro] PDF existente reutilizado (131923 bytes)
[2025-08-27 02:22:27,011] INFO certificado_ldd.views - [_handle_get_generar] PDF entregado id=27810 (131923 bytes)
[2025-08-27 02:28:23,156] INFO django.utils.autoreload - Watching for file changes with StatReloader
[2025-08-27 02:28:50,119] INFO certificado_ldd.views - [api_generar_certificado] method=POST
[2025-08-27 02:28:50,120] INFO certificado_ldd.views - [_handle_post_generar] POST dni='14752495' id_pago_unico='' prefer_html=False
[2025-08-27 02:28:50,519] DEBUG certificado_ldd.views - [_is_cancelado] id=27810 estado=cancelado -> True
[2025-08-27 02:28:50,519] DEBUG certificado_ldd.views - [_is_cancelado] id=245937 estado=agencia externa -> False
[2025-08-27 02:28:50,520] DEBUG certificado_ldd.views - [_is_cancelado] id=9016348 estado=cancelado -> True
[2025-08-27 02:28:50,520] DEBUG certificado_ldd.views - [_is_cancelado] id=27810 estado=cancelado -> True
[2025-08-27 02:28:50,520] DEBUG certificado_ldd.views - [_is_cancelado] id=245937 estado=agencia externa -> False
[2025-08-27 02:28:50,520] DEBUG certificado_ldd.views - [_is_cancelado] id=9016348 estado=cancelado -> True
[2025-08-27 02:28:50,520] DEBUG certificado_ldd.views - [_handle_post_generar] DNI=14752495 -> cancelados=2 pendientes=1
[2025-08-27 02:28:50,528] INFO certificado_ldd.views - [_handle_post_generar] M煤ltiples cancelados: redirigir a selecci贸n HTML -> http://localhost:8000/api/certificado/seleccionar/?dni=14752495
[2025-08-27 02:29:07,857] INFO certificado_ldd.views - [seleccionar_certificado] GET dni='14752495'
[2025-08-27 02:29:08,394] DEBUG certificado_ldd.views - [_is_cancelado] id=27810 estado=cancelado -> True
[2025-08-27 02:29:08,394] DEBUG certificado_ldd.views - [_is_cancelado] id=245937 estado=agencia externa -> False
[2025-08-27 02:29:08,394] DEBUG certificado_ldd.views - [_is_cancelado] id=9016348 estado=cancelado -> True
[2025-08-27 02:29:08,394] DEBUG certificado_ldd.views - [_is_cancelado] id=27810 estado=cancelado -> True
[2025-08-27 02:29:08,394] DEBUG certificado_ldd.views - [_is_cancelado] id=245937 estado=agencia externa -> False
[2025-08-27 02:29:08,394] DEBUG certificado_ldd.views - [_is_cancelado] id=9016348 estado=cancelado -> True
[2025-08-27 02:29:08,394] DEBUG certificado_ldd.views - [seleccionar_certificado] DNI=14752495 -> cancelados=2 pendientes=1
[2025-08-27 02:29:35,230] INFO certificado_ldd.views - [api_generar_certificado] method=POST
[2025-08-27 02:29:35,230] INFO certificado_ldd.views - [_handle_post_generar] POST dni='14752495' id_pago_unico='' prefer_html=False
[2025-08-27 02:29:35,625] DEBUG certificado_ldd.views - [_is_cancelado] id=27810 estado=cancelado -> True
[2025-08-27 02:29:35,626] DEBUG certificado_ldd.views - [_is_cancelado] id=245937 estado=agencia externa -> False
[2025-08-27 02:29:35,626] DEBUG certificado_ldd.views - [_is_cancelado] id=9016348 estado=cancelado -> True
[2025-08-27 02:29:35,626] DEBUG certificado_ldd.views - [_is_cancelado] id=27810 estado=cancelado -> True
[2025-08-27 02:29:35,626] DEBUG certificado_ldd.views - [_is_cancelado] id=245937 estado=agencia externa -> False
[2025-08-27 02:29:35,626] DEBUG certificado_ldd.views - [_is_cancelado] id=9016348 estado=cancelado -> True
[2025-08-27 02:29:35,626] DEBUG certificado_ldd.views - [_handle_post_generar] DNI=14752495 -> cancelados=2 pendientes=1
[2025-08-27 02:29:35,627] INFO certificado_ldd.views - [_handle_post_generar] M煤ltiples cancelados: redirigir a selecci贸n HTML -> http://localhost:8000/api/certificado/seleccionar/?dni=14752495
[2025-08-27 02:29:46,209] INFO certificado_ldd.views - [api_generar_certificado] method=POST
[2025-08-27 02:29:46,209] INFO certificado_ldd.views - [_handle_post_generar] POST dni='14752495' id_pago_unico='' prefer_html=False
[2025-08-27 02:29:46,610] DEBUG certificado_ldd.views - [_is_cancelado] id=27810 estado=cancelado -> True
[2025-08-27 02:29:46,610] DEBUG certificado_ldd.views - [_is_cancelado] id=245937 estado=agencia externa -> False
[2025-08-27 02:29:46,610] DEBUG certificado_ldd.views - [_is_cancelado] id=9016348 estado=cancelado -> True
[2025-08-27 02:29:46,610] DEBUG certificado_ldd.views - [_is_cancelado] id=27810 estado=cancelado -> True
[2025-08-27 02:29:46,610] DEBUG certificado_ldd.views - [_is_cancelado] id=245937 estado=agencia externa -> False
[2025-08-27 02:29:46,610] DEBUG certificado_ldd.views - [_is_cancelado] id=9016348 estado=cancelado -> True
[2025-08-27 02:29:46,611] DEBUG certificado_ldd.views - [_handle_post_generar] DNI=14752495 -> cancelados=2 pendientes=1
[2025-08-27 02:29:46,611] INFO certificado_ldd.views - [_handle_post_generar] M煤ltiples cancelados: redirigir a selecci贸n HTML -> http://localhost:8000/api/certificado/seleccionar/?dni=14752495
[2025-08-27 02:31:12,045] INFO certificado_ldd.views - [api_generar_certificado] method=POST
[2025-08-27 02:31:12,047] INFO certificado_ldd.views - [_handle_post_generar] POST dni='14752495' id_pago_unico='' prefer_html=False
[2025-08-27 02:31:12,621] DEBUG certificado_ldd.views - [_is_cancelado] id=27810 estado=cancelado -> True
[2025-08-27 02:31:12,621] DEBUG certificado_ldd.views - [_is_cancelado] id=245937 estado=agencia externa -> False
[2025-08-27 02:31:12,621] DEBUG certificado_ldd.views - [_is_cancelado] id=9016348 estado=cancelado -> True
[2025-08-27 02:31:12,621] DEBUG certificado_ldd.views - [_is_cancelado] id=27810 estado=cancelado -> True
[2025-08-27 02:31:12,622] DEBUG certificado_ldd.views - [_is_cancelado] id=245937 estado=agencia externa -> False
[2025-08-27 02:31:12,622] DEBUG certificado_ldd.views - [_is_cancelado] id=9016348 estado=cancelado -> True
[2025-08-27 02:31:12,622] DEBUG certificado_ldd.views - [_handle_post_generar] DNI=14752495 -> cancelados=2 pendientes=1
[2025-08-27 02:31:12,622] INFO certificado_ldd.views - [_handle_post_generar] M煤ltiples cancelados: redirigir a selecci贸n HTML -> http://localhost:8000/api/certificado/seleccionar/?dni=14752495
[2025-08-27 02:35:23,305] INFO django.utils.autoreload - Watching for file changes with StatReloader
[2025-08-27 02:35:59,104] INFO certificado_ldd.views - [api_generar_certificado] method=POST
[2025-08-27 02:35:59,105] INFO certificado_ldd.views - [_handle_post_generar] POST dni='14752495' id_pago_unico='' prefer_html=False
[2025-08-27 02:35:59,502] DEBUG certificado_ldd.views - [_is_cancelado] id=27810 estado=cancelado -> True
[2025-08-27 02:35:59,502] DEBUG certificado_ldd.views - [_is_cancelado] id=245937 estado=agencia externa -> False
[2025-08-27 02:35:59,502] DEBUG certificado_ldd.views - [_is_cancelado] id=9016348 estado=cancelado -> True
[2025-08-27 02:35:59,502] DEBUG certificado_ldd.views - [_is_cancelado] id=27810 estado=cancelado -> True
[2025-08-27 02:35:59,502] DEBUG certificado_ldd.views - [_is_cancelado] id=245937 estado=agencia externa -> False
[2025-08-27 02:35:59,502] DEBUG certificado_ldd.views - [_is_cancelado] id=9016348 estado=cancelado -> True
[2025-08-27 02:35:59,502] DEBUG certificado_ldd.views - [_handle_post_generar] DNI=14752495 -> cancelados=2 pendientes=1
[2025-08-27 02:35:59,507] INFO certificado_ldd.views - [_handle_post_generar] M煤ltiples cancelados: redirigir a selecci贸n HTML -> http://localhost:8000/api/certificado/seleccionar/?dni=14752495
[2025-08-27 02:36:44,354] INFO certificado_ldd.views - [seleccionar_certificado] GET dni='14752495'
[2025-08-27 02:36:44,951] DEBUG certificado_ldd.views - [_is_cancelado] id=27810 estado=cancelado -> True
[2025-08-27 02:36:44,952] DEBUG certificado_ldd.views - [_is_cancelado] id=245937 estado=agencia externa -> False
[2025-08-27 02:36:44,952] DEBUG certificado_ldd.views - [_is_cancelado] id=9016348 estado=cancelado -> True
[2025-08-27 02:36:44,952] DEBUG certificado_ldd.views - [_is_cancelado] id=27810 estado=cancelado -> True
[2025-08-27 02:36:44,952] DEBUG certificado_ldd.views - [_is_cancelado] id=245937 estado=agencia externa -> False
[2025-08-27 02:36:44,952] DEBUG certificado_ldd.views - [_is_cancelado] id=9016348 estado=cancelado -> True
[2025-08-27 02:36:44,952] DEBUG certificado_ldd.views - [seleccionar_certificado] DNI=14752495 -> cancelados=2 pendientes=1
[2025-08-27 02:36:45,182] WARNING django.request - Not Found: /favicon.ico
[2025-08-27 02:37:03,532] INFO certificado_ldd.views - [seleccionar_certificado] GET dni='14752495'
[2025-08-27 02:37:03,929] DEBUG certificado_ldd.views - [_is_cancelado] id=27810 estado=cancelado -> True
[2025-08-27 02:37:03,930] DEBUG certificado_ldd.views - [_is_cancelado] id=245937 estado=agencia externa -> False
[2025-08-27 02:37:03,930] DEBUG certificado_ldd.views - [_is_cancelado] id=9016348 estado=cancelado -> True
[2025-08-27 02:37:03,930] DEBUG certificado_ldd.views - [_is_cancelado] id=27810 estado=cancelado -> True
[2025-08-27 02:37:03,930] DEBUG certificado_ldd.views - [_is_cancelado] id=245937 estado=agencia externa -> False
[2025-08-27 02:37:03,930] DEBUG certificado_ldd.views - [_is_cancelado] id=9016348 estado=cancelado -> True
[2025-08-27 02:37:03,930] DEBUG certificado_ldd.views - [seleccionar_certificado] DNI=14752495 -> cancelados=2 pendientes=1
[2025-08-27 02:37:04,030] WARNING django.request - Not Found: /favicon.ico
[2025-08-27 02:37:21,324] INFO certificado_ldd.views - [api_generar_certificado] method=POST
[2025-08-27 02:37:21,326] INFO certificado_ldd.views - [_handle_post_generar] POST dni='800014752495' id_pago_unico='' prefer_html=False
[2025-08-27 02:37:21,670] INFO certificado_ldd.views - [_handle_post_generar] No hay registros para DNI=800014752495
[2025-08-27 02:37:21,671] WARNING django.request - Not Found: /api/certificado/generar/
[2025-08-27 02:37:21,681] INFO certificado_ldd.views - [api_generar_certificado] method=POST
[2025-08-27 02:37:21,682] INFO certificado_ldd.views - [_handle_post_generar] POST dni='800014752495' id_pago_unico='' prefer_html=False
[2025-08-27 02:37:22,033] INFO certificado_ldd.views - [_handle_post_generar] No hay registros para DNI=800014752495
[2025-08-27 02:37:22,035] WARNING django.request - Not Found: /api/certificado/generar-certificado/
[2025-08-27 02:37:22,048] INFO certificado_ldd.views - [api_generar_certificado] method=POST
[2025-08-27 02:37:22,049] INFO certificado_ldd.views - [_handle_post_generar] POST dni='800014752495' id_pago_unico='' prefer_html=False
[2025-08-27 02:37:22,383] INFO certificado_ldd.views - [_handle_post_generar] No hay registros para DNI=800014752495
[2025-08-27 02:37:22,383] WARNING django.request - Not Found: /api/generar-certificado/
[2025-08-27 02:37:33,543] INFO certificado_ldd.views - [api_generar_certificado] method=POST
[2025-08-27 02:37:33,543] INFO certificado_ldd.views - [_handle_post_generar] POST dni='14752495' id_pago_unico='' prefer_html=False
[2025-08-27 02:37:34,013] DEBUG certificado_ldd.views - [_is_cancelado] id=27810 estado=cancelado -> True
[2025-08-27 02:37:34,013] DEBUG certificado_ldd.views - [_is_cancelado] id=245937 estado=agencia externa -> False
[2025-08-27 02:37:34,013] DEBUG certificado_ldd.views - [_is_cancelado] id=9016348 estado=cancelado -> True
[2025-08-27 02:37:34,013] DEBUG certificado_ldd.views - [_is_cancelado] id=27810 estado=cancelado -> True
[2025-08-27 02:37:34,013] DEBUG certificado_ldd.views - [_is_cancelado] id=245937 estado=agencia externa -> False
[2025-08-27 02:37:34,013] DEBUG certificado_ldd.views - [_is_cancelado] id=9016348 estado=cancelado -> True
[2025-08-27 02:37:34,013] DEBUG certificado_ldd.views - [_handle_post_generar] DNI=14752495 -> cancelados=2 pendientes=1
[2025-08-27 02:37:34,013] INFO certificado_ldd.views - [_handle_post_generar] M煤ltiples cancelados: redirigir a selecci贸n HTML -> http://localhost:8000/api/certificado/seleccionar/?dni=14752495
[2025-08-27 02:38:31,154] WARNING django.request - Not Found: /favicon.ico
[2025-08-27 02:38:47,053] INFO certificado_ldd.views - [api_generar_certificado] method=POST
[2025-08-27 02:38:47,054] INFO certificado_ldd.views - [_handle_post_generar] POST dni='800014752495' id_pago_unico='' prefer_html=False
[2025-08-27 02:38:47,515] INFO certificado_ldd.views - [_handle_post_generar] No hay registros para DNI=800014752495
[2025-08-27 02:38:47,516] WARNING django.request - Not Found: /api/certificado/generar/
[2025-08-27 02:38:47,524] INFO certificado_ldd.views - [api_generar_certificado] method=POST
[2025-08-27 02:38:47,524] INFO certificado_ldd.views - [_handle_post_generar] POST dni='800014752495' id_pago_unico='' prefer_html=False
[2025-08-27 02:38:47,857] INFO certificado_ldd.views - [_handle_post_generar] No hay registros para DNI=800014752495
[2025-08-27 02:38:47,858] WARNING django.request - Not Found: /api/certificado/generar-certificado/
[2025-08-27 02:38:47,864] INFO certificado_ldd.views - [api_generar_certificado] method=POST
[2025-08-27 02:38:47,865] INFO certificado_ldd.views - [_handle_post_generar] POST dni='800014752495' id_pago_unico='' prefer_html=False
[2025-08-27 02:38:48,197] INFO certificado_ldd.views - [_handle_post_generar] No hay registros para DNI=800014752495
[2025-08-27 02:38:48,197] WARNING django.request - Not Found: /api/generar-certificado/
[2025-08-27 02:38:53,684] INFO certificado_ldd.views - [api_generar_certificado] method=POST
[2025-08-27 02:38:53,684] INFO certificado_ldd.views - [_handle_post_generar] POST dni='14752495' id_pago_unico='' prefer_html=False
[2025-08-27 02:38:54,075] DEBUG certificado_ldd.views - [_is_cancelado] id=27810 estado=cancelado -> True
[2025-08-27 02:38:54,075] DEBUG certificado_ldd.views - [_is_cancelado] id=245937 estado=agencia externa -> False
[2025-08-27 02:38:54,075] DEBUG certificado_ldd.views - [_is_cancelado] id=9016348 estado=cancelado -> True
[2025-08-27 02:38:54,075] DEBUG certificado_ldd.views - [_is_cancelado] id=27810 estado=cancelado -> True
[2025-08-27 02:38:54,075] DEBUG certificado_ldd.views - [_is_cancelado] id=245937 estado=agencia externa -> False
[2025-08-27 02:38:54,075] DEBUG certificado_ldd.views - [_is_cancelado] id=9016348 estado=cancelado -> True
[2025-08-27 02:38:54,076] DEBUG certificado_ldd.views - [_handle_post_generar] DNI=14752495 -> cancelados=2 pendientes=1
[2025-08-27 02:38:54,076] INFO certificado_ldd.views - [_handle_post_generar] M煤ltiples cancelados: redirigir a selecci贸n HTML -> http://localhost:8000/api/certificado/seleccionar/?dni=14752495
[2025-08-27 02:47:34,117] INFO django.utils.autoreload - Watching for file changes with StatReloader
[2025-08-27 02:47:50,358] INFO certificado_ldd.views - [api_generar_certificado] method=POST
[2025-08-27 02:47:50,359] INFO certificado_ldd.views - [_handle_post_generar] POST dni='14752495' id_pago_unico='' prefer_html=False is_ajax=False
[2025-08-27 02:47:50,754] DEBUG certificado_ldd.views - [_is_cancelado] id=27810 estado=cancelado -> True
[2025-08-27 02:47:50,754] DEBUG certificado_ldd.views - [_is_cancelado] id=245937 estado=agencia externa -> False
[2025-08-27 02:47:50,754] DEBUG certificado_ldd.views - [_is_cancelado] id=9016348 estado=cancelado -> True
[2025-08-27 02:47:50,754] DEBUG certificado_ldd.views - [_is_cancelado] id=27810 estado=cancelado -> True
[2025-08-27 02:47:50,754] DEBUG certificado_ldd.views - [_is_cancelado] id=245937 estado=agencia externa -> False
[2025-08-27 02:47:50,754] DEBUG certificado_ldd.views - [_is_cancelado] id=9016348 estado=cancelado -> True
[2025-08-27 02:47:50,754] DEBUG certificado_ldd.views - [_handle_post_generar] DNI=14752495 -> cancelados=2 pendientes=1
[2025-08-27 02:47:50,757] INFO certificado_ldd.views - [_handle_post_generar] M煤ltiples cancelados. is_ajax=False seleccionar_url=http://localhost:8000/api/certificado/seleccionar/?dni=14752495
[2025-08-27 02:53:36,731] INFO django.utils.autoreload - /Users/angel/Desktop/Proyecto Grupo BIA/GrupoBIA/proyecto_bia/proyecto_bia/certificado_ldd/views.py changed, reloading.
[2025-08-27 02:53:37,151] INFO django.utils.autoreload - Watching for file changes with StatReloader
[2025-08-27 02:53:40,949] INFO django.utils.autoreload - Watching for file changes with StatReloader
[2025-08-27 02:54:03,245] INFO certificado_ldd.views - [api_generar_certificado] method=POST
[2025-08-27 02:54:03,246] INFO certificado_ldd.views - [_handle_post_generar] hdr X-Requested-With=None Accept='application/json, text/plain, */*' Content-Type='multipart/form-data; boundary=----WebKitFormBoundarytotcl68usB5picFd' Referer='http://localhost:3000/certificado' UA='Mozilla/5.0 (Macintosh; Intel Mac OS X 10_15_7) AppleWebKit/537.36 (KHTML, like Gecko) Chrome/139.0.0.0 Safari/537.36'
[2025-08-27 02:54:03,246] INFO certificado_ldd.views - [_handle_post_generar] POST dni='14752495' id_pago_unico='' prefer_html=False is_ajax=False
[2025-08-27 02:54:03,651] DEBUG certificado_ldd.views - [_is_cancelado] id=27810 estado=cancelado -> True
[2025-08-27 02:54:03,651] DEBUG certificado_ldd.views - [_is_cancelado] id=245937 estado=agencia externa -> False
[2025-08-27 02:54:03,651] DEBUG certificado_ldd.views - [_is_cancelado] id=9016348 estado=cancelado -> True
[2025-08-27 02:54:03,651] DEBUG certificado_ldd.views - [_is_cancelado] id=27810 estado=cancelado -> True
[2025-08-27 02:54:03,651] DEBUG certificado_ldd.views - [_is_cancelado] id=245937 estado=agencia externa -> False
[2025-08-27 02:54:03,651] DEBUG certificado_ldd.views - [_is_cancelado] id=9016348 estado=cancelado -> True
[2025-08-27 02:54:03,652] DEBUG certificado_ldd.views - [_handle_post_generar] DNI=14752495 -> cancelados=2 pendientes=1
[2025-08-27 02:54:03,659] INFO certificado_ldd.views - [_handle_post_generar] M煤ltiples cancelados. is_ajax=False seleccionar_url=http://localhost:8000/api/certificado/seleccionar/?dni=14752495
[2025-08-27 02:54:18,264] INFO certificado_ldd.views - [seleccionar_certificado] GET dni='14752495'
[2025-08-27 02:54:18,803] DEBUG certificado_ldd.views - [_is_cancelado] id=27810 estado=cancelado -> True
[2025-08-27 02:54:18,803] DEBUG certificado_ldd.views - [_is_cancelado] id=245937 estado=agencia externa -> False
[2025-08-27 02:54:18,803] DEBUG certificado_ldd.views - [_is_cancelado] id=9016348 estado=cancelado -> True
[2025-08-27 02:54:18,804] DEBUG certificado_ldd.views - [_is_cancelado] id=27810 estado=cancelado -> True
[2025-08-27 02:54:18,804] DEBUG certificado_ldd.views - [_is_cancelado] id=245937 estado=agencia externa -> False
[2025-08-27 02:54:18,804] DEBUG certificado_ldd.views - [_is_cancelado] id=9016348 estado=cancelado -> True
[2025-08-27 02:54:18,804] DEBUG certificado_ldd.views - [seleccionar_certificado] DNI=14752495 -> cancelados=2 pendientes=1
[2025-08-27 03:02:49,969] INFO django.utils.autoreload - Watching for file changes with StatReloader
[2025-08-27 03:03:03,955] INFO certificado_ldd.views - [api_generar_certificado] method=POST
[2025-08-27 03:03:03,956] INFO certificado_ldd.views - [_handle_post_generar] hdr X-Requested-With=None Accept='application/json, text/plain, */*' Content-Type='multipart/form-data; boundary=----WebKitFormBoundary30hTt6a9EAgeBnTl' Referer='http://localhost:3000/certificado' UA='Mozilla/5.0 (Macintosh; Intel Mac OS X 10_15_7) AppleWebKit/537.36 (KHTML, like Gecko) Chrome/139.0.0.0 Safari/537.36'
[2025-08-27 03:03:03,956] INFO certificado_ldd.views - [_handle_post_generar] POST dni='14752495' id_pago_unico='' prefer_html=False is_ajax=False
[2025-08-27 03:03:04,338] DEBUG certificado_ldd.views - [_is_cancelado] id=27810 estado=cancelado -> True
[2025-08-27 03:03:04,339] DEBUG certificado_ldd.views - [_is_cancelado] id=245937 estado=agencia externa -> False
[2025-08-27 03:03:04,339] DEBUG certificado_ldd.views - [_is_cancelado] id=9016348 estado=cancelado -> True
[2025-08-27 03:03:04,339] DEBUG certificado_ldd.views - [_is_cancelado] id=27810 estado=cancelado -> True
[2025-08-27 03:03:04,339] DEBUG certificado_ldd.views - [_is_cancelado] id=245937 estado=agencia externa -> False
[2025-08-27 03:03:04,339] DEBUG certificado_ldd.views - [_is_cancelado] id=9016348 estado=cancelado -> True
[2025-08-27 03:03:04,339] DEBUG certificado_ldd.views - [_handle_post_generar] DNI=14752495 -> cancelados=2 pendientes=1
[2025-08-27 03:03:04,344] INFO certificado_ldd.views - [_handle_post_generar] M煤ltiples cancelados. is_ajax=False seleccionar_url=http://localhost:8000/api/certificado/seleccionar/?dni=14752495
[2025-08-27 03:03:28,902] INFO certificado_ldd.views - [api_generar_certificado] method=POST
[2025-08-27 03:03:28,903] INFO certificado_ldd.views - [_handle_post_generar] hdr X-Requested-With=None Accept='application/json, text/plain, */*' Content-Type='multipart/form-data; boundary=----WebKitFormBoundaryKhANsmI2jqPTtq3g' Referer='http://localhost:3000/certificado' UA='Mozilla/5.0 (Macintosh; Intel Mac OS X 10_15_7) AppleWebKit/537.36 (KHTML, like Gecko) Chrome/139.0.0.0 Safari/537.36'
[2025-08-27 03:03:28,903] INFO certificado_ldd.views - [_handle_post_generar] POST dni='14752495' id_pago_unico='' prefer_html=False is_ajax=False
[2025-08-27 03:03:29,303] DEBUG certificado_ldd.views - [_is_cancelado] id=27810 estado=cancelado -> True
[2025-08-27 03:03:29,304] DEBUG certificado_ldd.views - [_is_cancelado] id=245937 estado=agencia externa -> False
[2025-08-27 03:03:29,304] DEBUG certificado_ldd.views - [_is_cancelado] id=9016348 estado=cancelado -> True
[2025-08-27 03:03:29,304] DEBUG certificado_ldd.views - [_is_cancelado] id=27810 estado=cancelado -> True
[2025-08-27 03:03:29,304] DEBUG certificado_ldd.views - [_is_cancelado] id=245937 estado=agencia externa -> False
[2025-08-27 03:03:29,304] DEBUG certificado_ldd.views - [_is_cancelado] id=9016348 estado=cancelado -> True
[2025-08-27 03:03:29,305] DEBUG certificado_ldd.views - [_handle_post_generar] DNI=14752495 -> cancelados=2 pendientes=1
[2025-08-27 03:03:29,305] INFO certificado_ldd.views - [_handle_post_generar] M煤ltiples cancelados. is_ajax=False seleccionar_url=http://localhost:8000/api/certificado/seleccionar/?dni=14752495
[2025-08-27 03:22:25,743] INFO certificado_ldd.views - [api_generar_certificado] method=POST
[2025-08-27 03:22:25,744] INFO certificado_ldd.views - [_handle_post_generar] hdr X-Requested-With=None Accept='application/json, text/plain, */*' Content-Type='multipart/form-data; boundary=----WebKitFormBoundarygatshp9AAHwBLHmC' Referer='http://localhost:3000/certificado' UA='Mozilla/5.0 (Macintosh; Intel Mac OS X 10_15_7) AppleWebKit/537.36 (KHTML, like Gecko) Chrome/139.0.0.0 Safari/537.36'
[2025-08-27 03:22:25,744] INFO certificado_ldd.views - [_handle_post_generar] POST dni='14752495' id_pago_unico='' prefer_html=False is_ajax=False
[2025-08-27 03:22:26,230] DEBUG certificado_ldd.views - [_is_cancelado] id=27810 estado=cancelado -> True
[2025-08-27 03:22:26,230] DEBUG certificado_ldd.views - [_is_cancelado] id=245937 estado=agencia externa -> False
[2025-08-27 03:22:26,231] DEBUG certificado_ldd.views - [_is_cancelado] id=9016348 estado=cancelado -> True
[2025-08-27 03:22:26,231] DEBUG certificado_ldd.views - [_is_cancelado] id=27810 estado=cancelado -> True
[2025-08-27 03:22:26,231] DEBUG certificado_ldd.views - [_is_cancelado] id=245937 estado=agencia externa -> False
[2025-08-27 03:22:26,231] DEBUG certificado_ldd.views - [_is_cancelado] id=9016348 estado=cancelado -> True
[2025-08-27 03:22:26,231] DEBUG certificado_ldd.views - [_handle_post_generar] DNI=14752495 -> cancelados=2 pendientes=1
[2025-08-27 03:22:26,232] INFO certificado_ldd.views - [_handle_post_generar] M煤ltiples cancelados. is_ajax=False seleccionar_url=http://localhost:8000/api/certificado/seleccionar/?dni=14752495
[2025-08-27 03:28:09,484] INFO certificado_ldd.views - [api_generar_certificado] method=POST
[2025-08-27 03:28:09,485] INFO certificado_ldd.views - [_handle_post_generar] hdr X-Requested-With=None Accept='application/json, text/plain, */*' Content-Type='multipart/form-data; boundary=----WebKitFormBoundary9HJcgCFL3UsdDHeI' Referer='http://localhost:3000/certificado' UA='Mozilla/5.0 (Macintosh; Intel Mac OS X 10_15_7) AppleWebKit/537.36 (KHTML, like Gecko) Chrome/139.0.0.0 Safari/537.36'
[2025-08-27 03:28:09,485] INFO certificado_ldd.views - [_handle_post_generar] POST dni='18828465' id_pago_unico='' prefer_html=False is_ajax=False
[2025-08-27 03:28:10,104] DEBUG certificado_ldd.views - [_is_cancelado] id=212921 estado=agencia externa -> False
[2025-08-27 03:28:10,105] DEBUG certificado_ldd.views - [_is_cancelado] id=212921 estado=agencia externa -> False
[2025-08-27 03:28:10,105] DEBUG certificado_ldd.views - [_handle_post_generar] DNI=18828465 -> cancelados=0 pendientes=1
[2025-08-27 03:28:10,105] INFO certificado_ldd.views - [_handle_post_generar] Sin cancelados, devolviendo lista de pendientes
[2025-08-27 03:28:10,105] DEBUG certificado_ldd.views - [_row_minimal] {'dni': '18828465', 'id_pago_unico': '212921', 'propietario': 'LEQUIO', 'entidadinterna': 'MERCADO LIBRE LEQUIO 1', 'estado': 'Agencia Externa'}
[2025-08-27 03:29:17,320] INFO certificado_ldd.views - [api_generar_certificado] method=POST
[2025-08-27 03:29:17,321] INFO certificado_ldd.views - [_handle_post_generar] hdr X-Requested-With=None Accept='application/json, text/plain, */*' Content-Type='multipart/form-data; boundary=----WebKitFormBoundary3k2AA7sB5OC4JxOf' Referer='http://localhost:3000/certificado' UA='Mozilla/5.0 (Macintosh; Intel Mac OS X 10_15_7) AppleWebKit/537.36 (KHTML, like Gecko) Chrome/139.0.0.0 Safari/537.36'
[2025-08-27 03:29:17,321] INFO certificado_ldd.views - [_handle_post_generar] POST dni='18828465' id_pago_unico='' prefer_html=False is_ajax=False
[2025-08-27 03:29:17,734] DEBUG certificado_ldd.views - [_is_cancelado] id=212921 estado=cancelado -> True
[2025-08-27 03:29:17,735] DEBUG certificado_ldd.views - [_is_cancelado] id=212921 estado=cancelado -> True
[2025-08-27 03:29:17,735] DEBUG certificado_ldd.views - [_handle_post_generar] DNI=18828465 -> cancelados=1 pendientes=0
[2025-08-27 03:29:17,735] INFO certificado_ldd.views - [_render_pdf_for_registro] Preparando PDF para id_pago_unico=212921
[2025-08-27 03:29:18,011] ERROR django.request - Internal Server Error: /api/certificado/generar/
Traceback (most recent call last):
  File "/Users/angel/Desktop/Proyecto Grupo BIA/GrupoBIA/venvGrupoBIA/lib/python3.12/site-packages/django/core/handlers/exception.py", line 55, in inner
    response = get_response(request)
               ^^^^^^^^^^^^^^^^^^^^^
  File "/Users/angel/Desktop/Proyecto Grupo BIA/GrupoBIA/venvGrupoBIA/lib/python3.12/site-packages/django/core/handlers/base.py", line 197, in _get_response
    response = wrapped_callback(request, *callback_args, **callback_kwargs)
               ^^^^^^^^^^^^^^^^^^^^^^^^^^^^^^^^^^^^^^^^^^^^^^^^^^^^^^^^^^^^
  File "/Users/angel/Desktop/Proyecto Grupo BIA/GrupoBIA/venvGrupoBIA/lib/python3.12/site-packages/django/views/decorators/csrf.py", line 65, in _view_wrapper
    return view_func(request, *args, **kwargs)
           ^^^^^^^^^^^^^^^^^^^^^^^^^^^^^^^^^^^
  File "/Users/angel/Desktop/Proyecto Grupo BIA/GrupoBIA/proyecto_bia/proyecto_bia/certificado_ldd/views.py", line 351, in api_generar_certificado
    return _handle_post_generar(request)
           ^^^^^^^^^^^^^^^^^^^^^^^^^^^^^
  File "/Users/angel/Desktop/Proyecto Grupo BIA/GrupoBIA/proyecto_bia/proyecto_bia/certificado_ldd/views.py", line 549, in _handle_post_generar
    cert, pdf_bytes, err = _render_pdf_for_registro(reg)
                           ^^^^^^^^^^^^^^^^^^^^^^^^^^^^^
  File "/Users/angel/Desktop/Proyecto Grupo BIA/GrupoBIA/proyecto_bia/proyecto_bia/certificado_ldd/views.py", line 196, in _render_pdf_for_registro
    getattr(cert.pdf_file, "path", None),
    ^^^^^^^^^^^^^^^^^^^^^^^^^^^^^^^^^^^^
  File "/Users/angel/Desktop/Proyecto Grupo BIA/GrupoBIA/venvGrupoBIA/lib/python3.12/site-packages/django/db/models/fields/files.py", line 64, in path
    self._require_file()
  File "/Users/angel/Desktop/Proyecto Grupo BIA/GrupoBIA/venvGrupoBIA/lib/python3.12/site-packages/django/db/models/fields/files.py", line 44, in _require_file
    raise ValueError(
ValueError: The 'pdf_file' attribute has no file associated with it.
[2025-08-27 03:35:05,917] INFO django.utils.autoreload - /Users/angel/Desktop/Proyecto Grupo BIA/GrupoBIA/proyecto_bia/proyecto_bia/certificado_ldd/views.py changed, reloading.
[2025-08-27 03:35:06,350] INFO django.utils.autoreload - Watching for file changes with StatReloader
[2025-08-27 03:35:19,379] INFO django.utils.autoreload - Watching for file changes with StatReloader
[2025-08-27 03:40:42,752] INFO certificado_ldd.views - [api_generar_certificado] method=POST
[2025-08-27 03:40:42,754] INFO certificado_ldd.views - [_handle_post_generar] hdr X-Requested-With=None Accept='application/json, text/plain, */*' Content-Type='multipart/form-data; boundary=----WebKitFormBoundaryIx8LH1XQ0OeXhZAC' Referer='http://localhost:3000/certificado' UA='Mozilla/5.0 (Macintosh; Intel Mac OS X 10_15_7) AppleWebKit/537.36 (KHTML, like Gecko) Chrome/139.0.0.0 Safari/537.36'
[2025-08-27 03:40:42,754] INFO certificado_ldd.views - [_handle_post_generar] POST dni='2293190' id_pago_unico='' prefer_html=False is_ajax=False
[2025-08-27 03:40:43,405] DEBUG certificado_ldd.views - [_is_cancelado] id=211816 estado=agencia externa -> False
[2025-08-27 03:40:43,405] DEBUG certificado_ldd.views - [_is_cancelado] id=211816 estado=agencia externa -> False
[2025-08-27 03:40:43,405] DEBUG certificado_ldd.views - [_handle_post_generar] DNI=2293190 -> cancelados=0 pendientes=1
[2025-08-27 03:40:43,406] INFO certificado_ldd.views - [_handle_post_generar] Sin cancelados, devolviendo lista de pendientes
[2025-08-27 03:40:43,406] DEBUG certificado_ldd.views - [_row_minimal] {'dni': '2293190', 'id_pago_unico': '211816', 'propietario': 'MACRO SOLUTIONS', 'entidadinterna': 'MACRO SOLUTIONS', 'estado': 'Agencia Externa'}
[2025-08-27 03:41:29,968] INFO certificado_ldd.views - [api_generar_certificado] method=POST
[2025-08-27 03:41:29,969] INFO certificado_ldd.views - [_handle_post_generar] hdr X-Requested-With=None Accept='application/json, text/plain, */*' Content-Type='multipart/form-data; boundary=----WebKitFormBoundary08khHmUPfvvpWLF7' Referer='http://localhost:3000/certificado' UA='Mozilla/5.0 (Macintosh; Intel Mac OS X 10_15_7) AppleWebKit/537.36 (KHTML, like Gecko) Chrome/139.0.0.0 Safari/537.36'
[2025-08-27 03:41:29,969] INFO certificado_ldd.views - [_handle_post_generar] POST dni='2293190' id_pago_unico='' prefer_html=False is_ajax=False
[2025-08-27 03:41:30,387] DEBUG certificado_ldd.views - [_is_cancelado] id=211816 estado=cancelado -> True
[2025-08-27 03:41:30,387] DEBUG certificado_ldd.views - [_is_cancelado] id=211816 estado=cancelado -> True
[2025-08-27 03:41:30,387] DEBUG certificado_ldd.views - [_handle_post_generar] DNI=2293190 -> cancelados=1 pendientes=0
[2025-08-27 03:41:30,387] INFO certificado_ldd.views - [_render_pdf_for_registro] Preparando PDF para id_pago_unico=211816
[2025-08-27 03:41:30,612] DEBUG certificado_ldd.views - [get_entidad_emisora] id=211816 propietario='MACRO SOLUTIONS' interna='MACRO SOLUTIONS' -> emisora=MACRO SOLUTIONS
[2025-08-27 03:41:30,653] DEBUG certificado_ldd.views - [_render_pdf_for_registro] Contexto plantilla: keys=['client', 'firma_url', 'responsable', 'cargo', 'entidad_firma', 'entidad_bia', 'entidad_otras']
[2025-08-27 03:41:30,669] DEBUG certificado_ldd.views - [_render_pdf_for_registro] HTML renderizado (len=2525)
[2025-08-27 03:41:30,669] DEBUG certificado_ldd.views - [generate_pdf] Iniciando render HTML->PDF (len(html)=2525)
[2025-08-27 03:41:30,763] DEBUG certificado_ldd.views - [generate_pdf] PDF generado OK (131913 bytes)
[2025-08-27 03:41:30,805] INFO certificado_ldd.views - [_render_pdf_for_registro] PDF guardado como certificado_211816.pdf
[2025-08-27 03:41:30,805] INFO certificado_ldd.views - [_handle_post_generar] PDF entregado id=211816 (131913 bytes)
[2025-08-27 03:52:33,481] WARNING django.request - Unauthorized: /api/certificado/entidades/
[2025-08-27 03:52:33,503] WARNING django.request - Unauthorized: /api/certificado/entidades/
[2025-08-27 04:50:57,946] WARNING django.request - Unauthorized: /api/certificado/entidades/
[2025-08-27 04:50:57,954] WARNING django.request - Unauthorized: /api/certificado/entidades/
[2025-08-27 05:00:16,843] WARNING django.request - Not Found: /main.32620ad510ab27a62092.hot-update.json
[2025-08-27 05:00:16,850] WARNING django.request - Not Found: /main.32620ad510ab27a62092.hot-update.json
[2025-08-27 05:23:16,244] INFO certificado_ldd.views - [api_generar_certificado] method=POST
[2025-08-27 05:23:16,245] INFO certificado_ldd.views - [_handle_post_generar] hdr X-Requested-With=None Accept='application/json, text/plain, */*' Content-Type='multipart/form-data; boundary=----WebKitFormBoundaryBimMFeDU8R6YCZxM' Referer='http://localhost:3000/certificado' UA='Mozilla/5.0 (Macintosh; Intel Mac OS X 10_15_7) AppleWebKit/537.36 (KHTML, like Gecko) Chrome/139.0.0.0 Safari/537.36'
[2025-08-27 05:23:16,245] INFO certificado_ldd.views - [_handle_post_generar] POST dni='2412743' id_pago_unico='' prefer_html=False is_ajax=False
[2025-08-27 05:23:16,874] DEBUG certificado_ldd.views - [_is_cancelado] id=491747 estado=agencia externa -> False
[2025-08-27 05:23:16,874] DEBUG certificado_ldd.views - [_is_cancelado] id=491747 estado=agencia externa -> False
[2025-08-27 05:23:16,874] DEBUG certificado_ldd.views - [_handle_post_generar] DNI=2412743 -> cancelados=0 pendientes=1
[2025-08-27 05:23:16,875] INFO certificado_ldd.views - [_handle_post_generar] Sin cancelados, devolviendo lista de pendientes
[2025-08-27 05:23:16,875] DEBUG certificado_ldd.views - [_row_minimal] {'dni': '2412743', 'id_pago_unico': '491747', 'propietario': 'BIA', 'entidadinterna': 'NARANJA BIA 3', 'estado': 'Agencia Externa'}
[2025-08-27 05:23:49,495] INFO certificado_ldd.views - [api_generar_certificado] method=POST
[2025-08-27 05:23:49,497] INFO certificado_ldd.views - [_handle_post_generar] hdr X-Requested-With=None Accept='application/json, text/plain, */*' Content-Type='multipart/form-data; boundary=----WebKitFormBoundaryAmeFzd4dtx25aNJ5' Referer='http://localhost:3000/certificado' UA='Mozilla/5.0 (Macintosh; Intel Mac OS X 10_15_7) AppleWebKit/537.36 (KHTML, like Gecko) Chrome/139.0.0.0 Safari/537.36'
[2025-08-27 05:23:49,497] INFO certificado_ldd.views - [_handle_post_generar] POST dni='2293190' id_pago_unico='' prefer_html=False is_ajax=False
[2025-08-27 05:23:49,918] DEBUG certificado_ldd.views - [_is_cancelado] id=211816 estado=cancelado -> True
[2025-08-27 05:23:49,918] DEBUG certificado_ldd.views - [_is_cancelado] id=211816 estado=cancelado -> True
[2025-08-27 05:23:49,918] DEBUG certificado_ldd.views - [_handle_post_generar] DNI=2293190 -> cancelados=1 pendientes=0
[2025-08-27 05:23:49,919] INFO certificado_ldd.views - [_render_pdf_for_registro] Preparando PDF para id_pago_unico=211816
[2025-08-27 05:23:49,965] INFO certificado_ldd.views - [_render_pdf_for_registro] PDF existente reutilizado (131913 bytes)
[2025-08-27 05:23:49,966] INFO certificado_ldd.views - [_handle_post_generar] PDF entregado id=211816 (131913 bytes)
[2025-08-27 05:30:21,600] WARNING django.request - Bad Request: /api/token/
[2025-08-27 06:21:39,827] WARNING django.request - Bad Request: /api/token/
[2025-08-27 10:57:23,313] INFO certificado_ldd.views - [api_generar_certificado] method=POST
[2025-08-27 10:57:23,315] INFO certificado_ldd.views - [_handle_post_generar] hdr X-Requested-With=None Accept='application/json, text/plain, */*' Content-Type='multipart/form-data; boundary=----WebKitFormBoundaryKlCEBu1lPrSVwtM8' Referer='http://localhost:3000/certificado' UA='Mozilla/5.0 (Macintosh; Intel Mac OS X 10_15_7) AppleWebKit/537.36 (KHTML, like Gecko) Chrome/139.0.0.0 Safari/537.36'
[2025-08-27 10:57:23,315] INFO certificado_ldd.views - [_handle_post_generar] POST dni='2293190' id_pago_unico='' prefer_html=False is_ajax=False
[2025-08-27 10:57:23,937] DEBUG certificado_ldd.views - [_is_cancelado] id=211816 estado=cancelado -> True
[2025-08-27 10:57:23,938] DEBUG certificado_ldd.views - [_is_cancelado] id=211816 estado=cancelado -> True
[2025-08-27 10:57:23,938] DEBUG certificado_ldd.views - [_handle_post_generar] DNI=2293190 -> cancelados=1 pendientes=0
[2025-08-27 10:57:23,938] INFO certificado_ldd.views - [_render_pdf_for_registro] Preparando PDF para id_pago_unico=211816
[2025-08-27 10:57:23,983] INFO certificado_ldd.views - [_render_pdf_for_registro] PDF existente reutilizado (131913 bytes)
[2025-08-27 10:57:23,983] INFO certificado_ldd.views - [_handle_post_generar] PDF entregado id=211816 (131913 bytes)
[2025-08-27 10:58:02,987] INFO certificado_ldd.views - [api_generar_certificado] method=POST
[2025-08-27 10:58:02,987] INFO certificado_ldd.views - [_handle_post_generar] hdr X-Requested-With=None Accept='application/json, text/plain, */*' Content-Type='multipart/form-data; boundary=----WebKitFormBoundaryEuHxIOe778UD8XCB' Referer='http://localhost:3000/certificado' UA='Mozilla/5.0 (Macintosh; Intel Mac OS X 10_15_7) AppleWebKit/537.36 (KHTML, like Gecko) Chrome/139.0.0.0 Safari/537.36'
[2025-08-27 10:58:02,987] INFO certificado_ldd.views - [_handle_post_generar] POST dni='5159639' id_pago_unico='' prefer_html=False is_ajax=False
[2025-08-27 10:58:03,614] DEBUG certificado_ldd.views - [_is_cancelado] id=61200 estado=agencia externa -> False
[2025-08-27 10:58:03,614] DEBUG certificado_ldd.views - [_is_cancelado] id=426178 estado=agencia externa -> False
[2025-08-27 10:58:03,614] DEBUG certificado_ldd.views - [_is_cancelado] id=61200 estado=agencia externa -> False
[2025-08-27 10:58:03,614] DEBUG certificado_ldd.views - [_is_cancelado] id=426178 estado=agencia externa -> False
[2025-08-27 10:58:03,614] DEBUG certificado_ldd.views - [_handle_post_generar] DNI=5159639 -> cancelados=0 pendientes=2
[2025-08-27 10:58:03,614] INFO certificado_ldd.views - [_handle_post_generar] Sin cancelados, devolviendo lista de pendientes
[2025-08-27 10:58:03,614] DEBUG certificado_ldd.views - [_row_minimal] {'dni': '5159639', 'id_pago_unico': '61200', 'propietario': 'PROMOTORA S.A', 'entidadinterna': 'WENANCE I', 'estado': 'Agencia Externa'}
[2025-08-27 10:58:03,615] DEBUG certificado_ldd.views - [_row_minimal] {'dni': '5159639', 'id_pago_unico': '426178', 'propietario': 'FLYBONDI', 'entidadinterna': 'MERCADO LIBRE FB 2', 'estado': 'Agencia Externa'}
[2025-08-27 10:58:45,651] INFO certificado_ldd.views - [api_generar_certificado] method=POST
[2025-08-27 10:58:45,652] INFO certificado_ldd.views - [_handle_post_generar] hdr X-Requested-With=None Accept='application/json, text/plain, */*' Content-Type='multipart/form-data; boundary=----WebKitFormBoundaryZcl8cq1rhEnE3573' Referer='http://localhost:3000/certificado' UA='Mozilla/5.0 (Macintosh; Intel Mac OS X 10_15_7) AppleWebKit/537.36 (KHTML, like Gecko) Chrome/139.0.0.0 Safari/537.36'
[2025-08-27 10:58:45,652] INFO certificado_ldd.views - [_handle_post_generar] POST dni='14752495' id_pago_unico='' prefer_html=False is_ajax=False
[2025-08-27 10:58:46,168] DEBUG certificado_ldd.views - [_is_cancelado] id=245937 estado=agencia externa -> False
[2025-08-27 10:58:46,169] DEBUG certificado_ldd.views - [_is_cancelado] id=9016348 estado=cancelado -> True
[2025-08-27 10:58:46,169] DEBUG certificado_ldd.views - [_is_cancelado] id=27810 estado=cancelado -> True
[2025-08-27 10:58:46,169] DEBUG certificado_ldd.views - [_is_cancelado] id=245937 estado=agencia externa -> False
[2025-08-27 10:58:46,169] DEBUG certificado_ldd.views - [_is_cancelado] id=9016348 estado=cancelado -> True
[2025-08-27 10:58:46,169] DEBUG certificado_ldd.views - [_is_cancelado] id=27810 estado=cancelado -> True
[2025-08-27 10:58:46,169] DEBUG certificado_ldd.views - [_handle_post_generar] DNI=14752495 -> cancelados=2 pendientes=1
[2025-08-27 10:58:46,185] INFO certificado_ldd.views - [_handle_post_generar] M煤ltiples cancelados. is_ajax=False seleccionar_url=http://localhost:8000/api/certificado/seleccionar/?dni=14752495
[2025-08-27 11:09:33,954] INFO certificado_ldd.views - [api_generar_certificado] method=POST
[2025-08-27 11:09:33,955] INFO certificado_ldd.views - [_handle_post_generar] hdr X-Requested-With=None Accept='application/json, text/plain, */*' Content-Type='multipart/form-data; boundary=----WebKitFormBoundaryPAbslgjCBFnOqwSd' Referer='http://localhost:3000/certificado' UA='Mozilla/5.0 (Macintosh; Intel Mac OS X 10_15_7) AppleWebKit/537.36 (KHTML, like Gecko) Chrome/139.0.0.0 Safari/537.36'
[2025-08-27 11:09:33,955] INFO certificado_ldd.views - [_handle_post_generar] POST dni='14752495' id_pago_unico='' prefer_html=False is_ajax=False
[2025-08-27 11:09:34,491] DEBUG certificado_ldd.views - [_is_cancelado] id=245937 estado=agencia externa -> False
[2025-08-27 11:09:34,491] DEBUG certificado_ldd.views - [_is_cancelado] id=9016348 estado=cancelado -> True
[2025-08-27 11:09:34,492] DEBUG certificado_ldd.views - [_is_cancelado] id=27810 estado=cancelado -> True
[2025-08-27 11:09:34,492] DEBUG certificado_ldd.views - [_is_cancelado] id=245937 estado=agencia externa -> False
[2025-08-27 11:09:34,492] DEBUG certificado_ldd.views - [_is_cancelado] id=9016348 estado=cancelado -> True
[2025-08-27 11:09:34,492] DEBUG certificado_ldd.views - [_is_cancelado] id=27810 estado=cancelado -> True
[2025-08-27 11:09:34,492] DEBUG certificado_ldd.views - [_handle_post_generar] DNI=14752495 -> cancelados=2 pendientes=1
[2025-08-27 11:09:34,493] INFO certificado_ldd.views - [_handle_post_generar] M煤ltiples cancelados. is_ajax=False seleccionar_url=http://localhost:8000/api/certificado/seleccionar/?dni=14752495
[2025-08-27 11:10:56,359] INFO certificado_ldd.views - [seleccionar_certificado] GET dni='14752495'
[2025-08-27 11:10:56,890] DEBUG certificado_ldd.views - [_is_cancelado] id=245937 estado=agencia externa -> False
[2025-08-27 11:10:56,891] DEBUG certificado_ldd.views - [_is_cancelado] id=9016348 estado=cancelado -> True
[2025-08-27 11:10:56,891] DEBUG certificado_ldd.views - [_is_cancelado] id=27810 estado=cancelado -> True
[2025-08-27 11:10:56,891] DEBUG certificado_ldd.views - [_is_cancelado] id=245937 estado=agencia externa -> False
[2025-08-27 11:10:56,891] DEBUG certificado_ldd.views - [_is_cancelado] id=9016348 estado=cancelado -> True
[2025-08-27 11:10:56,891] DEBUG certificado_ldd.views - [_is_cancelado] id=27810 estado=cancelado -> True
[2025-08-27 11:10:56,891] DEBUG certificado_ldd.views - [seleccionar_certificado] DNI=14752495 -> cancelados=2 pendientes=1
[2025-08-27 11:11:11,912] INFO certificado_ldd.views - [api_generar_certificado] method=GET
[2025-08-27 11:11:11,913] INFO certificado_ldd.views - [_handle_get_generar] GET dni='14752495' id_pago_unico='9016348'
[2025-08-27 11:11:12,258] DEBUG certificado_ldd.views - [_is_cancelado] id=9016348 estado=cancelado -> True
[2025-08-27 11:11:12,258] INFO certificado_ldd.views - [_render_pdf_for_registro] Preparando PDF para id_pago_unico=9016348
[2025-08-27 11:11:12,302] INFO certificado_ldd.views - [_render_pdf_for_registro] PDF existente reutilizado (23622 bytes)
[2025-08-27 11:11:12,303] INFO certificado_ldd.views - [_handle_get_generar] PDF entregado id=9016348 (23622 bytes)
[2025-08-27 11:11:21,495] INFO certificado_ldd.views - [api_generar_certificado] method=GET
[2025-08-27 11:11:21,495] INFO certificado_ldd.views - [_handle_get_generar] GET dni='14752495' id_pago_unico='27810'
[2025-08-27 11:11:21,845] DEBUG certificado_ldd.views - [_is_cancelado] id=27810 estado=cancelado -> True
[2025-08-27 11:11:21,845] INFO certificado_ldd.views - [_render_pdf_for_registro] Preparando PDF para id_pago_unico=27810
[2025-08-27 11:11:21,888] INFO certificado_ldd.views - [_render_pdf_for_registro] PDF existente reutilizado (131923 bytes)
[2025-08-27 11:11:21,889] INFO certificado_ldd.views - [_handle_get_generar] PDF entregado id=27810 (131923 bytes)
[2025-08-27 11:11:26,409] INFO certificado_ldd.views - [api_generar_certificado] method=GET
[2025-08-27 11:11:26,410] INFO certificado_ldd.views - [_handle_get_generar] GET dni='14752495' id_pago_unico='9016348'
[2025-08-27 11:11:26,759] DEBUG certificado_ldd.views - [_is_cancelado] id=9016348 estado=cancelado -> True
[2025-08-27 11:11:26,759] INFO certificado_ldd.views - [_render_pdf_for_registro] Preparando PDF para id_pago_unico=9016348
[2025-08-27 11:11:26,801] INFO certificado_ldd.views - [_render_pdf_for_registro] PDF existente reutilizado (23622 bytes)
[2025-08-27 11:11:26,802] INFO certificado_ldd.views - [_handle_get_generar] PDF entregado id=9016348 (23622 bytes)
[2025-08-27 11:24:39,970] WARNING django.request - Not Found: /main.45d165186ca573939a85.hot-update.json
[2025-08-27 11:24:43,981] WARNING django.request - Not Found: /main.45d165186ca573939a85.hot-update.json
[2025-08-27 11:40:10,082] INFO certificado_ldd.views - [api_generar_certificado] method=POST
[2025-08-27 11:40:10,085] INFO certificado_ldd.views - [_handle_post_generar] hdr X-Requested-With='XMLHttpRequest' Accept='application/json, text/plain, */*' Content-Type='multipart/form-data; boundary=----WebKitFormBoundaryTNBw2u1EaZnrh6lY' Referer='http://localhost:3000/certificado' UA='Mozilla/5.0 (Macintosh; Intel Mac OS X 10_15_7) AppleWebKit/537.36 (KHTML, like Gecko) Chrome/139.0.0.0 Safari/537.36'
[2025-08-27 11:40:10,085] INFO certificado_ldd.views - [_handle_post_generar] POST dni='14752495' id_pago_unico='' prefer_html=False is_ajax=True
[2025-08-27 11:40:10,700] DEBUG certificado_ldd.views - [_is_cancelado] id=245937 estado=agencia externa -> False
[2025-08-27 11:40:10,700] DEBUG certificado_ldd.views - [_is_cancelado] id=9016348 estado=cancelado -> True
[2025-08-27 11:40:10,701] DEBUG certificado_ldd.views - [_is_cancelado] id=27810 estado=cancelado -> True
[2025-08-27 11:40:10,701] DEBUG certificado_ldd.views - [_is_cancelado] id=245937 estado=agencia externa -> False
[2025-08-27 11:40:10,701] DEBUG certificado_ldd.views - [_is_cancelado] id=9016348 estado=cancelado -> True
[2025-08-27 11:40:10,701] DEBUG certificado_ldd.views - [_is_cancelado] id=27810 estado=cancelado -> True
[2025-08-27 11:40:10,701] DEBUG certificado_ldd.views - [_handle_post_generar] DNI=14752495 -> cancelados=2 pendientes=1
[2025-08-27 11:40:10,701] INFO certificado_ldd.views - [_handle_post_generar] M煤ltiples cancelados. is_ajax=True seleccionar_url=http://localhost:8000/api/certificado/seleccionar/?dni=14752495
[2025-08-27 11:40:10,704] WARNING django.request - Bad Request: /api/certificado/generar/
[2025-08-27 11:40:14,457] INFO certificado_ldd.views - [api_generar_certificado] method=GET
[2025-08-27 11:40:14,457] INFO certificado_ldd.views - [_handle_get_generar] GET dni='14752495' id_pago_unico='9016348'
[2025-08-27 11:40:14,806] DEBUG certificado_ldd.views - [_is_cancelado] id=9016348 estado=cancelado -> True
[2025-08-27 11:40:14,806] INFO certificado_ldd.views - [_render_pdf_for_registro] Preparando PDF para id_pago_unico=9016348
[2025-08-27 11:40:14,849] INFO certificado_ldd.views - [_render_pdf_for_registro] PDF existente reutilizado (23622 bytes)
[2025-08-27 11:40:14,850] INFO certificado_ldd.views - [_handle_get_generar] PDF entregado id=9016348 (23622 bytes)
[2025-08-27 11:40:24,302] INFO certificado_ldd.views - [api_generar_certificado] method=GET
[2025-08-27 11:40:24,302] INFO certificado_ldd.views - [_handle_get_generar] GET dni='14752495' id_pago_unico='27810'
[2025-08-27 11:40:24,649] DEBUG certificado_ldd.views - [_is_cancelado] id=27810 estado=cancelado -> True
[2025-08-27 11:40:24,649] INFO certificado_ldd.views - [_render_pdf_for_registro] Preparando PDF para id_pago_unico=27810
[2025-08-27 11:40:24,691] INFO certificado_ldd.views - [_render_pdf_for_registro] PDF existente reutilizado (131923 bytes)
[2025-08-27 11:40:24,692] INFO certificado_ldd.views - [_handle_get_generar] PDF entregado id=27810 (131923 bytes)
[2025-08-27 11:40:32,733] INFO certificado_ldd.views - [api_generar_certificado] method=POST
[2025-08-27 11:40:32,734] INFO certificado_ldd.views - [_handle_post_generar] hdr X-Requested-With='XMLHttpRequest' Accept='application/json, text/plain, */*' Content-Type='multipart/form-data; boundary=----WebKitFormBoundaryHwBbyq20oBilu2O9' Referer='http://localhost:3000/certificado' UA='Mozilla/5.0 (Macintosh; Intel Mac OS X 10_15_7) AppleWebKit/537.36 (KHTML, like Gecko) Chrome/139.0.0.0 Safari/537.36'
[2025-08-27 11:40:32,735] INFO certificado_ldd.views - [_handle_post_generar] POST dni='14752495' id_pago_unico='' prefer_html=False is_ajax=True
[2025-08-27 11:40:33,133] DEBUG certificado_ldd.views - [_is_cancelado] id=245937 estado=agencia externa -> False
[2025-08-27 11:40:33,134] DEBUG certificado_ldd.views - [_is_cancelado] id=9016348 estado=cancelado -> True
[2025-08-27 11:40:33,134] DEBUG certificado_ldd.views - [_is_cancelado] id=27810 estado=cancelado -> True
[2025-08-27 11:40:33,134] DEBUG certificado_ldd.views - [_is_cancelado] id=245937 estado=agencia externa -> False
[2025-08-27 11:40:33,134] DEBUG certificado_ldd.views - [_is_cancelado] id=9016348 estado=cancelado -> True
[2025-08-27 11:40:33,134] DEBUG certificado_ldd.views - [_is_cancelado] id=27810 estado=cancelado -> True
[2025-08-27 11:40:33,134] DEBUG certificado_ldd.views - [_handle_post_generar] DNI=14752495 -> cancelados=2 pendientes=1
[2025-08-27 11:40:33,135] INFO certificado_ldd.views - [_handle_post_generar] M煤ltiples cancelados. is_ajax=True seleccionar_url=http://localhost:8000/api/certificado/seleccionar/?dni=14752495
[2025-08-27 11:40:33,135] WARNING django.request - Bad Request: /api/certificado/generar/
[2025-08-27 11:40:36,132] INFO certificado_ldd.views - [api_generar_certificado] method=GET
[2025-08-27 11:40:36,133] INFO certificado_ldd.views - [_handle_get_generar] GET dni='14752495' id_pago_unico='9016348'
[2025-08-27 11:40:36,472] DEBUG certificado_ldd.views - [_is_cancelado] id=9016348 estado=cancelado -> True
[2025-08-27 11:40:36,472] INFO certificado_ldd.views - [_render_pdf_for_registro] Preparando PDF para id_pago_unico=9016348
[2025-08-27 11:40:36,513] INFO certificado_ldd.views - [_render_pdf_for_registro] PDF existente reutilizado (23622 bytes)
[2025-08-27 11:40:36,513] INFO certificado_ldd.views - [_handle_get_generar] PDF entregado id=9016348 (23622 bytes)
[2025-08-27 11:40:38,121] INFO certificado_ldd.views - [api_generar_certificado] method=GET
[2025-08-27 11:40:38,121] INFO certificado_ldd.views - [_handle_get_generar] GET dni='14752495' id_pago_unico='27810'
[2025-08-27 11:40:38,472] DEBUG certificado_ldd.views - [_is_cancelado] id=27810 estado=cancelado -> True
[2025-08-27 11:40:38,472] INFO certificado_ldd.views - [_render_pdf_for_registro] Preparando PDF para id_pago_unico=27810
[2025-08-27 11:40:38,518] INFO certificado_ldd.views - [_render_pdf_for_registro] PDF existente reutilizado (131923 bytes)
[2025-08-27 11:40:38,518] INFO certificado_ldd.views - [_handle_get_generar] PDF entregado id=27810 (131923 bytes)
[2025-08-27 11:43:45,635] INFO django.utils.autoreload - Watching for file changes with StatReloader
[2025-08-27 11:43:52,042] WARNING django.request - Not Found: /main.75c2ab315aeec14c89aa.hot-update.json
[2025-08-27 11:43:56,392] INFO certificado_ldd.views - [api_generar_certificado] method=POST
[2025-08-27 11:43:56,393] INFO certificado_ldd.views - [_handle_post_generar] hdr X-Requested-With='XMLHttpRequest' Accept='application/json, text/plain, */*' Content-Type='multipart/form-data; boundary=----WebKitFormBoundaryLkz2eWvvowyPyZCm' Referer='http://localhost:3000/certificado' UA='Mozilla/5.0 (Macintosh; Intel Mac OS X 10_15_7) AppleWebKit/537.36 (KHTML, like Gecko) Chrome/139.0.0.0 Safari/537.36'
[2025-08-27 11:43:56,393] INFO certificado_ldd.views - [_handle_post_generar] POST dni='14752495' id_pago_unico='' prefer_html=False is_ajax=True
[2025-08-27 11:43:56,780] DEBUG certificado_ldd.views - [_is_cancelado] id=245937 estado=agencia externa -> False
[2025-08-27 11:43:56,780] DEBUG certificado_ldd.views - [_is_cancelado] id=9016348 estado=cancelado -> True
[2025-08-27 11:43:56,780] DEBUG certificado_ldd.views - [_is_cancelado] id=27810 estado=cancelado -> True
[2025-08-27 11:43:56,780] DEBUG certificado_ldd.views - [_is_cancelado] id=245937 estado=agencia externa -> False
[2025-08-27 11:43:56,780] DEBUG certificado_ldd.views - [_is_cancelado] id=9016348 estado=cancelado -> True
[2025-08-27 11:43:56,780] DEBUG certificado_ldd.views - [_is_cancelado] id=27810 estado=cancelado -> True
[2025-08-27 11:43:56,780] DEBUG certificado_ldd.views - [_handle_post_generar] DNI=14752495 -> cancelados=2 pendientes=1
[2025-08-27 11:43:56,784] INFO certificado_ldd.views - [_handle_post_generar] M煤ltiples cancelados. is_ajax=True seleccionar_url=http://localhost:8000/api/certificado/seleccionar/?dni=14752495
[2025-08-27 11:43:56,785] WARNING django.request - Bad Request: /api/certificado/generar/
[2025-08-27 11:47:00,720] INFO certificado_ldd.views - [api_generar_certificado] method=POST
[2025-08-27 11:47:00,722] INFO certificado_ldd.views - [_handle_post_generar] hdr X-Requested-With='XMLHttpRequest' Accept='application/json, text/plain, */*' Content-Type='multipart/form-data; boundary=----WebKitFormBoundary6crVGBTsFI7t6DfO' Referer='http://localhost:3000/certificado' UA='Mozilla/5.0 (Macintosh; Intel Mac OS X 10_15_7) AppleWebKit/537.36 (KHTML, like Gecko) Chrome/139.0.0.0 Safari/537.36'
[2025-08-27 11:47:00,722] INFO certificado_ldd.views - [_handle_post_generar] POST dni='14752495' id_pago_unico='' prefer_html=False is_ajax=True
[2025-08-27 11:47:01,204] DEBUG certificado_ldd.views - [_is_cancelado] id=245937 estado=agencia externa -> False
[2025-08-27 11:47:01,204] DEBUG certificado_ldd.views - [_is_cancelado] id=9016348 estado=cancelado -> True
[2025-08-27 11:47:01,205] DEBUG certificado_ldd.views - [_is_cancelado] id=27810 estado=cancelado -> True
[2025-08-27 11:47:01,205] DEBUG certificado_ldd.views - [_is_cancelado] id=245937 estado=agencia externa -> False
[2025-08-27 11:47:01,205] DEBUG certificado_ldd.views - [_is_cancelado] id=9016348 estado=cancelado -> True
[2025-08-27 11:47:01,205] DEBUG certificado_ldd.views - [_is_cancelado] id=27810 estado=cancelado -> True
[2025-08-27 11:47:01,205] DEBUG certificado_ldd.views - [_handle_post_generar] DNI=14752495 -> cancelados=2 pendientes=1
[2025-08-27 11:47:01,206] INFO certificado_ldd.views - [_handle_post_generar] M煤ltiples cancelados. is_ajax=True seleccionar_url=http://localhost:8000/api/certificado/seleccionar/?dni=14752495
[2025-08-27 11:47:01,207] WARNING django.request - Bad Request: /api/certificado/generar/
[2025-08-27 11:47:47,616] INFO certificado_ldd.views - [api_generar_certificado] method=POST
[2025-08-27 11:47:47,618] INFO certificado_ldd.views - [_handle_post_generar] hdr X-Requested-With='XMLHttpRequest' Accept='application/json, text/plain, */*' Content-Type='multipart/form-data; boundary=----WebKitFormBoundaryVXO1hxPuKr8dUw1a' Referer='http://localhost:3000/certificado' UA='Mozilla/5.0 (Macintosh; Intel Mac OS X 10_15_7) AppleWebKit/537.36 (KHTML, like Gecko) Chrome/139.0.0.0 Safari/537.36'
[2025-08-27 11:47:47,618] INFO certificado_ldd.views - [_handle_post_generar] POST dni='14752495' id_pago_unico='' prefer_html=False is_ajax=True
[2025-08-27 11:47:48,141] DEBUG certificado_ldd.views - [_is_cancelado] id=245937 estado=agencia externa -> False
[2025-08-27 11:47:48,142] DEBUG certificado_ldd.views - [_is_cancelado] id=9016348 estado=cancelado -> True
[2025-08-27 11:47:48,144] DEBUG certificado_ldd.views - [_is_cancelado] id=27810 estado=cancelado -> True
[2025-08-27 11:47:48,144] DEBUG certificado_ldd.views - [_is_cancelado] id=245937 estado=agencia externa -> False
[2025-08-27 11:47:48,144] DEBUG certificado_ldd.views - [_is_cancelado] id=9016348 estado=cancelado -> True
[2025-08-27 11:47:48,144] DEBUG certificado_ldd.views - [_is_cancelado] id=27810 estado=cancelado -> True
[2025-08-27 11:47:48,144] DEBUG certificado_ldd.views - [_handle_post_generar] DNI=14752495 -> cancelados=2 pendientes=1
[2025-08-27 11:47:48,145] INFO certificado_ldd.views - [_handle_post_generar] M煤ltiples cancelados. is_ajax=True seleccionar_url=http://localhost:8000/api/certificado/seleccionar/?dni=14752495
[2025-08-27 11:47:48,146] WARNING django.request - Bad Request: /api/certificado/generar/
[2025-08-27 11:48:27,362] INFO certificado_ldd.views - [api_generar_certificado] method=GET
[2025-08-27 11:48:27,362] INFO certificado_ldd.views - [_handle_get_generar] GET dni='14752495' id_pago_unico='9016348'
[2025-08-27 11:48:27,860] DEBUG certificado_ldd.views - [_is_cancelado] id=9016348 estado=cancelado -> True
[2025-08-27 11:48:27,860] INFO certificado_ldd.views - [_render_pdf_for_registro] Preparando PDF para id_pago_unico=9016348
[2025-08-27 11:48:27,903] INFO certificado_ldd.views - [_render_pdf_for_registro] PDF existente reutilizado (23622 bytes)
[2025-08-27 11:48:27,904] INFO certificado_ldd.views - [_handle_get_generar] PDF entregado id=9016348 (23622 bytes)
[2025-08-27 11:50:48,016] INFO certificado_ldd.views - [api_generar_certificado] method=POST
[2025-08-27 11:50:48,018] INFO certificado_ldd.views - [_handle_post_generar] hdr X-Requested-With='XMLHttpRequest' Accept='application/json, text/plain, */*' Content-Type='multipart/form-data; boundary=----WebKitFormBoundary2GtC7OdYkZn4K9w6' Referer='http://localhost:3000/certificado' UA='Mozilla/5.0 (Macintosh; Intel Mac OS X 10_15_7) AppleWebKit/537.36 (KHTML, like Gecko) Chrome/139.0.0.0 Safari/537.36'
[2025-08-27 11:50:48,018] INFO certificado_ldd.views - [_handle_post_generar] POST dni='10220770' id_pago_unico='' prefer_html=False is_ajax=True
[2025-08-27 11:50:48,427] DEBUG certificado_ldd.views - [_is_cancelado] id=247339 estado=cancelados -> False
[2025-08-27 11:50:48,428] DEBUG certificado_ldd.views - [_is_cancelado] id=247339 estado=cancelados -> False
[2025-08-27 11:50:48,428] DEBUG certificado_ldd.views - [_handle_post_generar] DNI=10220770 -> cancelados=0 pendientes=1
[2025-08-27 11:50:48,428] INFO certificado_ldd.views - [_handle_post_generar] Sin cancelados, devolviendo lista de pendientes
[2025-08-27 11:50:48,429] DEBUG certificado_ldd.views - [_row_minimal] {'dni': '10220770', 'id_pago_unico': '247339', 'propietario': 'FLYBONDI', 'entidadinterna': 'Wenance FB', 'estado': 'Cancelados'}
[2025-08-27 11:51:34,808] INFO certificado_ldd.views - [api_generar_certificado] method=POST
[2025-08-27 11:51:34,810] INFO certificado_ldd.views - [_handle_post_generar] hdr X-Requested-With='XMLHttpRequest' Accept='application/json, text/plain, */*' Content-Type='multipart/form-data; boundary=----WebKitFormBoundary4Gxbn7q94IhG35Mm' Referer='http://localhost:3000/certificado' UA='Mozilla/5.0 (Macintosh; Intel Mac OS X 10_15_7) AppleWebKit/537.36 (KHTML, like Gecko) Chrome/139.0.0.0 Safari/537.36'
[2025-08-27 11:51:34,810] INFO certificado_ldd.views - [_handle_post_generar] POST dni='95235243' id_pago_unico='' prefer_html=False is_ajax=True
[2025-08-27 11:51:35,342] DEBUG certificado_ldd.views - [_is_cancelado] id=254347 estado=agencia externa -> False
[2025-08-27 11:51:35,343] DEBUG certificado_ldd.views - [_is_cancelado] id=254347 estado=agencia externa -> False
[2025-08-27 11:51:35,343] DEBUG certificado_ldd.views - [_handle_post_generar] DNI=95235243 -> cancelados=0 pendientes=1
[2025-08-27 11:51:35,343] INFO certificado_ldd.views - [_handle_post_generar] Sin cancelados, devolviendo lista de pendientes
[2025-08-27 11:51:35,344] DEBUG certificado_ldd.views - [_row_minimal] {'dni': '95235243', 'id_pago_unico': '254347', 'propietario': 'FLYBONDI', 'entidadinterna': 'Mercado Libre FB', 'estado': 'Agencia Externa'}
[2025-08-27 11:51:56,458] INFO certificado_ldd.views - [api_generar_certificado] method=POST
[2025-08-27 11:51:56,459] INFO certificado_ldd.views - [_handle_post_generar] hdr X-Requested-With='XMLHttpRequest' Accept='application/json, text/plain, */*' Content-Type='multipart/form-data; boundary=----WebKitFormBoundary2xyZy5qXF91NJBcy' Referer='http://localhost:3000/certificado' UA='Mozilla/5.0 (Macintosh; Intel Mac OS X 10_15_7) AppleWebKit/537.36 (KHTML, like Gecko) Chrome/139.0.0.0 Safari/537.36'
[2025-08-27 11:51:56,459] INFO certificado_ldd.views - [_handle_post_generar] POST dni='95235243' id_pago_unico='' prefer_html=False is_ajax=True
[2025-08-27 11:51:56,838] DEBUG certificado_ldd.views - [_is_cancelado] id=254347 estado=agencia externa -> False
[2025-08-27 11:51:56,838] DEBUG certificado_ldd.views - [_is_cancelado] id=254347 estado=agencia externa -> False
[2025-08-27 11:51:56,838] DEBUG certificado_ldd.views - [_handle_post_generar] DNI=95235243 -> cancelados=0 pendientes=1
[2025-08-27 11:51:56,838] INFO certificado_ldd.views - [_handle_post_generar] Sin cancelados, devolviendo lista de pendientes
[2025-08-27 11:51:56,838] DEBUG certificado_ldd.views - [_row_minimal] {'dni': '95235243', 'id_pago_unico': '254347', 'propietario': 'FLYBONDI', 'entidadinterna': 'Mercado Libre FB', 'estado': 'Agencia Externa'}
[2025-08-27 11:52:11,188] INFO certificado_ldd.views - [api_generar_certificado] method=POST
[2025-08-27 11:52:11,189] INFO certificado_ldd.views - [_handle_post_generar] hdr X-Requested-With='XMLHttpRequest' Accept='application/json, text/plain, */*' Content-Type='multipart/form-data; boundary=----WebKitFormBoundaryYdTQv70qhZRRhkWS' Referer='http://localhost:3000/certificado' UA='Mozilla/5.0 (Macintosh; Intel Mac OS X 10_15_7) AppleWebKit/537.36 (KHTML, like Gecko) Chrome/139.0.0.0 Safari/537.36'
[2025-08-27 11:52:11,189] INFO certificado_ldd.views - [_handle_post_generar] POST dni='95235243' id_pago_unico='' prefer_html=False is_ajax=True
[2025-08-27 11:52:11,566] DEBUG certificado_ldd.views - [_is_cancelado] id=254347 estado=cancelado -> True
[2025-08-27 11:52:11,567] DEBUG certificado_ldd.views - [_is_cancelado] id=254347 estado=cancelado -> True
[2025-08-27 11:52:11,567] DEBUG certificado_ldd.views - [_handle_post_generar] DNI=95235243 -> cancelados=1 pendientes=0
[2025-08-27 11:52:11,567] INFO certificado_ldd.views - [_render_pdf_for_registro] Preparando PDF para id_pago_unico=254347
[2025-08-27 11:52:11,774] DEBUG certificado_ldd.views - [get_entidad_emisora] id=254347 propietario='FLYBONDI' interna='Mercado Libre FB' -> emisora=FLYBONDI
[2025-08-27 11:52:11,813] DEBUG certificado_ldd.views - [_render_pdf_for_registro] Contexto plantilla: keys=['client', 'firma_url', 'responsable', 'cargo', 'entidad_firma', 'entidad_bia', 'entidad_otras']
[2025-08-27 11:52:11,827] DEBUG certificado_ldd.views - [_render_pdf_for_registro] HTML renderizado (len=2518)
[2025-08-27 11:52:11,828] DEBUG certificado_ldd.views - [generate_pdf] Iniciando render HTML->PDF (len(html)=2518)
[2025-08-27 11:52:11,922] DEBUG certificado_ldd.views - [generate_pdf] PDF generado OK (131916 bytes)
[2025-08-27 11:52:11,963] INFO certificado_ldd.views - [_render_pdf_for_registro] PDF guardado como certificado_254347.pdf
[2025-08-27 11:52:11,964] INFO certificado_ldd.views - [_handle_post_generar] PDF entregado id=254347 (131916 bytes)
[2025-08-27 12:03:16,859] INFO certificado_ldd.views - [api_generar_certificado] method=POST
[2025-08-27 12:03:16,861] INFO certificado_ldd.views - [_handle_post_generar] hdr X-Requested-With='XMLHttpRequest' Accept='application/json, text/plain, */*' Content-Type='multipart/form-data; boundary=----WebKitFormBoundaryJHsWUL4wL1IZ5998' Referer='http://localhost:3000/certificado' UA='Mozilla/5.0 (Macintosh; Intel Mac OS X 10_15_7) AppleWebKit/537.36 (KHTML, like Gecko) Chrome/139.0.0.0 Safari/537.36'
[2025-08-27 12:03:16,861] INFO certificado_ldd.views - [_handle_post_generar] POST dni='10220770' id_pago_unico='' prefer_html=False is_ajax=True
[2025-08-27 12:03:17,423] DEBUG certificado_ldd.views - [_is_cancelado] id=247339 estado=cancelados -> False
[2025-08-27 12:03:17,424] DEBUG certificado_ldd.views - [_is_cancelado] id=247339 estado=cancelados -> False
[2025-08-27 12:03:17,424] DEBUG certificado_ldd.views - [_handle_post_generar] DNI=10220770 -> cancelados=0 pendientes=1
[2025-08-27 12:03:17,424] INFO certificado_ldd.views - [_handle_post_generar] Sin cancelados, devolviendo lista de pendientes
[2025-08-27 12:03:17,424] DEBUG certificado_ldd.views - [_row_minimal] {'dni': '10220770', 'id_pago_unico': '247339', 'propietario': 'FLYBONDI', 'entidadinterna': 'Wenance FB', 'estado': 'Cancelados'}
[2025-08-27 12:03:53,248] INFO certificado_ldd.views - [api_generar_certificado] method=POST
[2025-08-27 12:03:53,250] INFO certificado_ldd.views - [_handle_post_generar] hdr X-Requested-With='XMLHttpRequest' Accept='application/json, text/plain, */*' Content-Type='multipart/form-data; boundary=----WebKitFormBoundaryAVROzPDAK80Z54yw' Referer='http://localhost:3000/certificado' UA='Mozilla/5.0 (Macintosh; Intel Mac OS X 10_15_7) AppleWebKit/537.36 (KHTML, like Gecko) Chrome/139.0.0.0 Safari/537.36'
[2025-08-27 12:03:53,250] INFO certificado_ldd.views - [_handle_post_generar] POST dni='10220770' id_pago_unico='' prefer_html=False is_ajax=True
[2025-08-27 12:03:53,647] DEBUG certificado_ldd.views - [_is_cancelado] id=247339 estado=cancelado -> True
[2025-08-27 12:03:53,647] DEBUG certificado_ldd.views - [_is_cancelado] id=247339 estado=cancelado -> True
[2025-08-27 12:03:53,648] DEBUG certificado_ldd.views - [_handle_post_generar] DNI=10220770 -> cancelados=1 pendientes=0
[2025-08-27 12:03:53,648] INFO certificado_ldd.views - [_render_pdf_for_registro] Preparando PDF para id_pago_unico=247339
[2025-08-27 12:03:53,868] DEBUG certificado_ldd.views - [get_entidad_emisora] id=247339 propietario='FLYBONDI' interna='Wenance FB' -> emisora=FLYBONDI
[2025-08-27 12:03:53,911] DEBUG certificado_ldd.views - [_render_pdf_for_registro] Contexto plantilla: keys=['client', 'firma_url', 'responsable', 'cargo', 'entidad_firma', 'entidad_bia', 'entidad_otras']
[2025-08-27 12:03:53,917] DEBUG certificado_ldd.views - [_render_pdf_for_registro] HTML renderizado (len=2106)
[2025-08-27 12:03:53,918] DEBUG certificado_ldd.views - [generate_pdf] Iniciando render HTML->PDF (len(html)=2106)
[2025-08-27 12:03:53,980] DEBUG certificado_ldd.views - [generate_pdf] PDF generado OK (111213 bytes)
[2025-08-27 12:03:54,023] INFO certificado_ldd.views - [_render_pdf_for_registro] PDF guardado como certificado_247339.pdf
[2025-08-27 12:03:54,023] INFO certificado_ldd.views - [_handle_post_generar] PDF entregado id=247339 (111213 bytes)
[2025-08-27 12:05:20,107] INFO certificado_ldd.views - [api_generar_certificado] method=POST
[2025-08-27 12:05:20,110] INFO certificado_ldd.views - [_handle_post_generar] hdr X-Requested-With='XMLHttpRequest' Accept='application/json, text/plain, */*' Content-Type='multipart/form-data; boundary=----WebKitFormBoundarynMKALTc1lt0FeqrK' Referer='http://localhost:3000/certificado' UA='Mozilla/5.0 (Macintosh; Intel Mac OS X 10_15_7) AppleWebKit/537.36 (KHTML, like Gecko) Chrome/139.0.0.0 Safari/537.36'
[2025-08-27 12:05:20,110] INFO certificado_ldd.views - [_handle_post_generar] POST dni='14752495' id_pago_unico='' prefer_html=False is_ajax=True
[2025-08-27 12:05:20,755] DEBUG certificado_ldd.views - [_is_cancelado] id=245937 estado=agencia externa -> False
[2025-08-27 12:05:20,756] DEBUG certificado_ldd.views - [_is_cancelado] id=9016348 estado=cancelado -> True
[2025-08-27 12:05:20,756] DEBUG certificado_ldd.views - [_is_cancelado] id=27810 estado=cancelado -> True
[2025-08-27 12:05:20,756] DEBUG certificado_ldd.views - [_is_cancelado] id=245937 estado=agencia externa -> False
[2025-08-27 12:05:20,756] DEBUG certificado_ldd.views - [_is_cancelado] id=9016348 estado=cancelado -> True
[2025-08-27 12:05:20,758] DEBUG certificado_ldd.views - [_is_cancelado] id=27810 estado=cancelado -> True
[2025-08-27 12:05:20,758] DEBUG certificado_ldd.views - [_handle_post_generar] DNI=14752495 -> cancelados=2 pendientes=1
[2025-08-27 12:05:20,759] INFO certificado_ldd.views - [_handle_post_generar] M煤ltiples cancelados. is_ajax=True seleccionar_url=http://localhost:8000/api/certificado/seleccionar/?dni=14752495
[2025-08-27 12:05:20,759] WARNING django.request - Bad Request: /api/certificado/generar/
[2025-08-27 12:05:25,381] INFO certificado_ldd.views - [api_generar_certificado] method=GET
[2025-08-27 12:05:25,381] INFO certificado_ldd.views - [_handle_get_generar] GET dni='14752495' id_pago_unico='9016348'
[2025-08-27 12:05:25,738] DEBUG certificado_ldd.views - [_is_cancelado] id=9016348 estado=cancelado -> True
[2025-08-27 12:05:25,738] INFO certificado_ldd.views - [_render_pdf_for_registro] Preparando PDF para id_pago_unico=9016348
[2025-08-27 12:05:25,787] INFO certificado_ldd.views - [_render_pdf_for_registro] PDF existente reutilizado (23622 bytes)
[2025-08-27 12:05:25,788] INFO certificado_ldd.views - [_handle_get_generar] PDF entregado id=9016348 (23622 bytes)
[2025-08-27 12:06:03,084] INFO django.utils.autoreload - Watching for file changes with StatReloader
[2025-08-27 12:06:13,574] INFO certificado_ldd.views - [api_generar_certificado] method=POST
[2025-08-27 12:06:13,576] INFO certificado_ldd.views - [_handle_post_generar] hdr X-Requested-With='XMLHttpRequest' Accept='application/json, text/plain, */*' Content-Type='multipart/form-data; boundary=----WebKitFormBoundaryZkWVA3ghFTM54Jrl' Referer='http://localhost:3000/certificado' UA='Mozilla/5.0 (Macintosh; Intel Mac OS X 10_15_7) AppleWebKit/537.36 (KHTML, like Gecko) Chrome/139.0.0.0 Safari/537.36'
[2025-08-27 12:06:13,576] INFO certificado_ldd.views - [_handle_post_generar] POST dni='14752495' id_pago_unico='' prefer_html=False is_ajax=True
[2025-08-27 12:06:13,982] DEBUG certificado_ldd.views - [_is_cancelado] id=245937 estado=agencia externa -> False
[2025-08-27 12:06:13,983] DEBUG certificado_ldd.views - [_is_cancelado] id=9016348 estado=cancelado -> True
[2025-08-27 12:06:13,983] DEBUG certificado_ldd.views - [_is_cancelado] id=27810 estado=cancelado -> True
[2025-08-27 12:06:13,983] DEBUG certificado_ldd.views - [_is_cancelado] id=245937 estado=agencia externa -> False
[2025-08-27 12:06:13,983] DEBUG certificado_ldd.views - [_is_cancelado] id=9016348 estado=cancelado -> True
[2025-08-27 12:06:13,983] DEBUG certificado_ldd.views - [_is_cancelado] id=27810 estado=cancelado -> True
[2025-08-27 12:06:13,983] DEBUG certificado_ldd.views - [_handle_post_generar] DNI=14752495 -> cancelados=2 pendientes=1
[2025-08-27 12:06:13,992] INFO certificado_ldd.views - [_handle_post_generar] M煤ltiples cancelados. is_ajax=True seleccionar_url=http://localhost:8000/api/certificado/seleccionar/?dni=14752495
[2025-08-27 12:06:13,993] WARNING django.request - Bad Request: /api/certificado/generar/
[2025-08-27 12:06:16,539] INFO certificado_ldd.views - [api_generar_certificado] method=GET
[2025-08-27 12:06:16,539] INFO certificado_ldd.views - [_handle_get_generar] GET dni='14752495' id_pago_unico='9016348'
[2025-08-27 12:06:16,921] DEBUG certificado_ldd.views - [_is_cancelado] id=9016348 estado=cancelado -> True
[2025-08-27 12:06:16,921] INFO certificado_ldd.views - [_render_pdf_for_registro] Preparando PDF para id_pago_unico=9016348
[2025-08-27 12:06:16,965] INFO certificado_ldd.views - [_render_pdf_for_registro] PDF existente reutilizado (23622 bytes)
[2025-08-27 12:06:16,965] INFO certificado_ldd.views - [_handle_get_generar] PDF entregado id=9016348 (23622 bytes)
[2025-08-27 12:06:54,368] INFO certificado_ldd.views - [api_generar_certificado] method=GET
[2025-08-27 12:06:54,368] INFO certificado_ldd.views - [_handle_get_generar] GET dni='14752495' id_pago_unico='27810'
[2025-08-27 12:06:54,826] DEBUG certificado_ldd.views - [_is_cancelado] id=27810 estado=cancelado -> True
[2025-08-27 12:06:54,826] INFO certificado_ldd.views - [_render_pdf_for_registro] Preparando PDF para id_pago_unico=27810
[2025-08-27 12:06:54,866] INFO certificado_ldd.views - [_render_pdf_for_registro] PDF existente reutilizado (131923 bytes)
[2025-08-27 12:06:54,866] INFO certificado_ldd.views - [_handle_get_generar] PDF entregado id=27810 (131923 bytes)
[2025-08-27 12:10:50,370] INFO django.utils.autoreload - Watching for file changes with StatReloader
[2025-08-27 12:11:06,636] INFO certificado_ldd.views - [api_generar_certificado] method=POST
[2025-08-27 12:11:06,637] INFO certificado_ldd.views - [_handle_post_generar] hdr X-Requested-With='XMLHttpRequest' Accept='application/json, text/plain, */*' Content-Type='multipart/form-data; boundary=----WebKitFormBoundaryCDECz4dwvB8V6xHn' Referer='http://localhost:3000/certificado' UA='Mozilla/5.0 (Macintosh; Intel Mac OS X 10_15_7) AppleWebKit/537.36 (KHTML, like Gecko) Chrome/139.0.0.0 Safari/537.36'
[2025-08-27 12:11:06,637] INFO certificado_ldd.views - [_handle_post_generar] POST dni='14752495' id_pago_unico='' prefer_html=False is_ajax=True
[2025-08-27 12:11:07,025] DEBUG certificado_ldd.views - [_is_cancelado] id=245937 estado=agencia externa -> False
[2025-08-27 12:11:07,025] DEBUG certificado_ldd.views - [_is_cancelado] id=9016348 estado=cancelado -> True
[2025-08-27 12:11:07,025] DEBUG certificado_ldd.views - [_is_cancelado] id=27810 estado=cancelado -> True
[2025-08-27 12:11:07,025] DEBUG certificado_ldd.views - [_is_cancelado] id=245937 estado=agencia externa -> False
[2025-08-27 12:11:07,025] DEBUG certificado_ldd.views - [_is_cancelado] id=9016348 estado=cancelado -> True
[2025-08-27 12:11:07,025] DEBUG certificado_ldd.views - [_is_cancelado] id=27810 estado=cancelado -> True
[2025-08-27 12:11:07,025] DEBUG certificado_ldd.views - [_handle_post_generar] DNI=14752495 -> cancelados=2 pendientes=1
[2025-08-27 12:11:07,032] INFO certificado_ldd.views - [_handle_post_generar] M煤ltiples cancelados. is_ajax=True seleccionar_url=http://localhost:8000/api/certificado/seleccionar/?dni=14752495
[2025-08-27 12:11:07,033] WARNING django.request - Bad Request: /api/certificado/generar/
[2025-08-27 12:11:09,903] INFO certificado_ldd.views - [api_generar_certificado] method=GET
[2025-08-27 12:11:09,904] INFO certificado_ldd.views - [_handle_get_generar] GET dni='14752495' id_pago_unico='9016348'
[2025-08-27 12:11:10,251] DEBUG certificado_ldd.views - [_is_cancelado] id=9016348 estado=cancelado -> True
[2025-08-27 12:11:10,252] INFO certificado_ldd.views - [_render_pdf_for_registro] Preparando PDF para id_pago_unico=9016348
[2025-08-27 12:11:10,293] WARNING certificado_ldd.views - [_render_pdf_for_registro] pdf_file apunta a 'certificados_generados/certificado_9016348.pdf' pero no existe en storage; se limpia.
[2025-08-27 12:11:10,336] DEBUG certificado_ldd.views - [get_entidad_emisora] id=9016348 propietario='BIA' interna='TARJETA SHOPPING' -> emisora=BIA
[2025-08-27 12:11:10,376] DEBUG certificado_ldd.views - [_render_pdf_for_registro] Contexto plantilla: keys=['client', 'firma_url', 'responsable', 'cargo', 'entidad_firma', 'entidad_bia', 'entidad_otras']
[2025-08-27 12:11:10,455] ERROR django.request - Internal Server Error: /api/certificado/generar/
Traceback (most recent call last):
  File "/Users/angel/Desktop/Proyecto Grupo BIA/GrupoBIA/venvGrupoBIA/lib/python3.12/site-packages/django/template/base.py", line 883, in _resolve_lookup
    current = current[bit]
              ~~~~~~~^^^^^
TypeError: 'NoneType' object is not subscriptable

During handling of the above exception, another exception occurred:

Traceback (most recent call last):
  File "/Users/angel/Desktop/Proyecto Grupo BIA/GrupoBIA/venvGrupoBIA/lib/python3.12/site-packages/django/template/base.py", line 893, in _resolve_lookup
    current = getattr(current, bit)
              ^^^^^^^^^^^^^^^^^^^^^
AttributeError: 'NoneType' object has no attribute 'razon_social'

During handling of the above exception, another exception occurred:

Traceback (most recent call last):
  File "/Users/angel/Desktop/Proyecto Grupo BIA/GrupoBIA/venvGrupoBIA/lib/python3.12/site-packages/django/template/base.py", line 899, in _resolve_lookup
    current = current[int(bit)]
                      ^^^^^^^^
ValueError: invalid literal for int() with base 10: 'razon_social'

During handling of the above exception, another exception occurred:

Traceback (most recent call last):
  File "/Users/angel/Desktop/Proyecto Grupo BIA/GrupoBIA/venvGrupoBIA/lib/python3.12/site-packages/django/core/handlers/exception.py", line 55, in inner
    response = get_response(request)
               ^^^^^^^^^^^^^^^^^^^^^
  File "/Users/angel/Desktop/Proyecto Grupo BIA/GrupoBIA/venvGrupoBIA/lib/python3.12/site-packages/django/core/handlers/base.py", line 197, in _get_response
    response = wrapped_callback(request, *callback_args, **callback_kwargs)
               ^^^^^^^^^^^^^^^^^^^^^^^^^^^^^^^^^^^^^^^^^^^^^^^^^^^^^^^^^^^^
  File "/Users/angel/Desktop/Proyecto Grupo BIA/GrupoBIA/venvGrupoBIA/lib/python3.12/site-packages/django/views/decorators/csrf.py", line 65, in _view_wrapper
    return view_func(request, *args, **kwargs)
           ^^^^^^^^^^^^^^^^^^^^^^^^^^^^^^^^^^^
  File "/Users/angel/Desktop/Proyecto Grupo BIA/GrupoBIA/proyecto_bia/proyecto_bia/certificado_ldd/views.py", line 362, in api_generar_certificado
    return _handle_get_generar(request)
           ^^^^^^^^^^^^^^^^^^^^^^^^^^^^
  File "/Users/angel/Desktop/Proyecto Grupo BIA/GrupoBIA/proyecto_bia/proyecto_bia/certificado_ldd/views.py", line 412, in _handle_get_generar
    cert, pdf_bytes, err = _render_pdf_for_registro(reg)
                           ^^^^^^^^^^^^^^^^^^^^^^^^^^^^^
  File "/Users/angel/Desktop/Proyecto Grupo BIA/GrupoBIA/proyecto_bia/proyecto_bia/certificado_ldd/views.py", line 252, in _render_pdf_for_registro
    html = render_to_string("pdf_template.html", context)
           ^^^^^^^^^^^^^^^^^^^^^^^^^^^^^^^^^^^^^^^^^^^^^^
  File "/Users/angel/Desktop/Proyecto Grupo BIA/GrupoBIA/venvGrupoBIA/lib/python3.12/site-packages/django/template/loader.py", line 62, in render_to_string
    return template.render(context, request)
           ^^^^^^^^^^^^^^^^^^^^^^^^^^^^^^^^^
  File "/Users/angel/Desktop/Proyecto Grupo BIA/GrupoBIA/venvGrupoBIA/lib/python3.12/site-packages/django/template/backends/django.py", line 107, in render
    return self.template.render(context)
           ^^^^^^^^^^^^^^^^^^^^^^^^^^^^^
  File "/Users/angel/Desktop/Proyecto Grupo BIA/GrupoBIA/venvGrupoBIA/lib/python3.12/site-packages/django/template/base.py", line 171, in render
    return self._render(context)
           ^^^^^^^^^^^^^^^^^^^^^
  File "/Users/angel/Desktop/Proyecto Grupo BIA/GrupoBIA/venvGrupoBIA/lib/python3.12/site-packages/django/template/base.py", line 163, in _render
    return self.nodelist.render(context)
           ^^^^^^^^^^^^^^^^^^^^^^^^^^^^^
  File "/Users/angel/Desktop/Proyecto Grupo BIA/GrupoBIA/venvGrupoBIA/lib/python3.12/site-packages/django/template/base.py", line 1008, in render
    return SafeString("".join([node.render_annotated(context) for node in self]))
                               ^^^^^^^^^^^^^^^^^^^^^^^^^^^^^^
  File "/Users/angel/Desktop/Proyecto Grupo BIA/GrupoBIA/venvGrupoBIA/lib/python3.12/site-packages/django/template/base.py", line 969, in render_annotated
    return self.render(context)
           ^^^^^^^^^^^^^^^^^^^^
  File "/Users/angel/Desktop/Proyecto Grupo BIA/GrupoBIA/venvGrupoBIA/lib/python3.12/site-packages/django/template/base.py", line 1067, in render
    output = self.filter_expression.resolve(context)
             ^^^^^^^^^^^^^^^^^^^^^^^^^^^^^^^^^^^^^^^
  File "/Users/angel/Desktop/Proyecto Grupo BIA/GrupoBIA/venvGrupoBIA/lib/python3.12/site-packages/django/template/base.py", line 739, in resolve
    arg_vals.append(arg.resolve(context))
                    ^^^^^^^^^^^^^^^^^^^^
  File "/Users/angel/Desktop/Proyecto Grupo BIA/GrupoBIA/venvGrupoBIA/lib/python3.12/site-packages/django/template/base.py", line 850, in resolve
    value = self._resolve_lookup(context)
            ^^^^^^^^^^^^^^^^^^^^^^^^^^^^^
  File "/Users/angel/Desktop/Proyecto Grupo BIA/GrupoBIA/venvGrupoBIA/lib/python3.12/site-packages/django/template/base.py", line 906, in _resolve_lookup
    raise VariableDoesNotExist(
django.template.base.VariableDoesNotExist: Failed lookup for key [razon_social] in None
[2025-08-27 12:11:22,771] INFO certificado_ldd.views - [api_generar_certificado] method=GET
[2025-08-27 12:11:22,772] INFO certificado_ldd.views - [_handle_get_generar] GET dni='14752495' id_pago_unico='27810'
[2025-08-27 12:11:23,147] DEBUG certificado_ldd.views - [_is_cancelado] id=27810 estado=cancelado -> True
[2025-08-27 12:11:23,147] INFO certificado_ldd.views - [_render_pdf_for_registro] Preparando PDF para id_pago_unico=27810
[2025-08-27 12:11:23,190] WARNING certificado_ldd.views - [_render_pdf_for_registro] pdf_file apunta a 'certificados_generados/certificado_27810.pdf' pero no existe en storage; se limpia.
[2025-08-27 12:11:23,231] DEBUG certificado_ldd.views - [get_entidad_emisora] id=27810 propietario='DISTRESS' interna='DISTRES' -> emisora=DISTRESS
[2025-08-27 12:11:23,272] DEBUG certificado_ldd.views - [_render_pdf_for_registro] Contexto plantilla: keys=['client', 'firma_url', 'responsable', 'cargo', 'entidad_firma', 'entidad_bia', 'entidad_otras']
[2025-08-27 12:11:23,274] DEBUG certificado_ldd.views - [_render_pdf_for_registro] HTML renderizado (len=2096)
[2025-08-27 12:11:23,274] DEBUG certificado_ldd.views - [generate_pdf] Iniciando render HTML->PDF (len(html)=2096)
[2025-08-27 12:11:23,347] DEBUG certificado_ldd.views - [generate_pdf] PDF generado OK (111198 bytes)
[2025-08-27 12:11:23,403] INFO certificado_ldd.views - [_render_pdf_for_registro] PDF guardado como certificado_27810.pdf
[2025-08-27 12:11:23,403] INFO certificado_ldd.views - [_handle_get_generar] PDF entregado id=27810 (111198 bytes)
[2025-08-27 12:11:56,738] INFO django.utils.autoreload - Watching for file changes with StatReloader
[2025-08-27 12:13:36,481] INFO certificado_ldd.views - [api_generar_certificado] method=POST
[2025-08-27 12:13:36,483] INFO certificado_ldd.views - [_handle_post_generar] hdr X-Requested-With='XMLHttpRequest' Accept='application/json, text/plain, */*' Content-Type='multipart/form-data; boundary=----WebKitFormBoundarySyKPsGrFkVBK8cpn' Referer='http://localhost:3000/certificado' UA='Mozilla/5.0 (Macintosh; Intel Mac OS X 10_15_7) AppleWebKit/537.36 (KHTML, like Gecko) Chrome/139.0.0.0 Safari/537.36'
[2025-08-27 12:13:36,483] INFO certificado_ldd.views - [_handle_post_generar] POST dni='14752495' id_pago_unico='' prefer_html=False is_ajax=True
[2025-08-27 12:13:37,046] DEBUG certificado_ldd.views - [_is_cancelado] id=245937 estado=agencia externa -> False
[2025-08-27 12:13:37,046] DEBUG certificado_ldd.views - [_is_cancelado] id=9016348 estado=cancelado -> True
[2025-08-27 12:13:37,046] DEBUG certificado_ldd.views - [_is_cancelado] id=27810 estado=cancelado -> True
[2025-08-27 12:13:37,046] DEBUG certificado_ldd.views - [_is_cancelado] id=245937 estado=agencia externa -> False
[2025-08-27 12:13:37,046] DEBUG certificado_ldd.views - [_is_cancelado] id=9016348 estado=cancelado -> True
[2025-08-27 12:13:37,046] DEBUG certificado_ldd.views - [_is_cancelado] id=27810 estado=cancelado -> True
[2025-08-27 12:13:37,046] DEBUG certificado_ldd.views - [_handle_post_generar] DNI=14752495 -> cancelados=2 pendientes=1
[2025-08-27 12:13:37,049] INFO certificado_ldd.views - [_handle_post_generar] M煤ltiples cancelados. is_ajax=True seleccionar_url=http://localhost:8000/api/certificado/seleccionar/?dni=14752495
[2025-08-27 12:13:37,049] WARNING django.request - Bad Request: /api/certificado/generar/
[2025-08-27 12:13:38,387] INFO certificado_ldd.views - [api_generar_certificado] method=GET
[2025-08-27 12:13:38,387] INFO certificado_ldd.views - [_handle_get_generar] GET dni='14752495' id_pago_unico='9016348'
[2025-08-27 12:13:38,802] DEBUG certificado_ldd.views - [_is_cancelado] id=9016348 estado=cancelado -> True
[2025-08-27 12:13:38,803] INFO certificado_ldd.views - [_render_pdf_for_registro] Preparando PDF para id_pago_unico=9016348
[2025-08-27 12:13:38,852] WARNING certificado_ldd.views - [_render_pdf_for_registro] pdf_file apunta a 'certificados_generados/certificado_9016348.pdf' pero no existe en storage; se limpia.
[2025-08-27 12:13:38,907] DEBUG certificado_ldd.views - [get_entidad_emisora] id=9016348 propietario='BIA' interna='TARJETA SHOPPING' -> emisora=BIA
[2025-08-27 12:13:38,956] DEBUG certificado_ldd.views - [_render_pdf_for_registro] Contexto plantilla: keys=['client', 'firma_url', 'responsable', 'cargo', 'entidad_firma', 'entidad_bia', 'entidad_otras']
[2025-08-27 12:13:39,035] ERROR django.request - Internal Server Error: /api/certificado/generar/
Traceback (most recent call last):
  File "/Users/angel/Desktop/Proyecto Grupo BIA/GrupoBIA/venvGrupoBIA/lib/python3.12/site-packages/django/template/base.py", line 883, in _resolve_lookup
    current = current[bit]
              ~~~~~~~^^^^^
TypeError: 'NoneType' object is not subscriptable

During handling of the above exception, another exception occurred:

Traceback (most recent call last):
  File "/Users/angel/Desktop/Proyecto Grupo BIA/GrupoBIA/venvGrupoBIA/lib/python3.12/site-packages/django/template/base.py", line 893, in _resolve_lookup
    current = getattr(current, bit)
              ^^^^^^^^^^^^^^^^^^^^^
AttributeError: 'NoneType' object has no attribute 'razon_social'

During handling of the above exception, another exception occurred:

Traceback (most recent call last):
  File "/Users/angel/Desktop/Proyecto Grupo BIA/GrupoBIA/venvGrupoBIA/lib/python3.12/site-packages/django/template/base.py", line 899, in _resolve_lookup
    current = current[int(bit)]
                      ^^^^^^^^
ValueError: invalid literal for int() with base 10: 'razon_social'

During handling of the above exception, another exception occurred:

Traceback (most recent call last):
  File "/Users/angel/Desktop/Proyecto Grupo BIA/GrupoBIA/venvGrupoBIA/lib/python3.12/site-packages/django/core/handlers/exception.py", line 55, in inner
    response = get_response(request)
               ^^^^^^^^^^^^^^^^^^^^^
  File "/Users/angel/Desktop/Proyecto Grupo BIA/GrupoBIA/venvGrupoBIA/lib/python3.12/site-packages/django/core/handlers/base.py", line 197, in _get_response
    response = wrapped_callback(request, *callback_args, **callback_kwargs)
               ^^^^^^^^^^^^^^^^^^^^^^^^^^^^^^^^^^^^^^^^^^^^^^^^^^^^^^^^^^^^
  File "/Users/angel/Desktop/Proyecto Grupo BIA/GrupoBIA/venvGrupoBIA/lib/python3.12/site-packages/django/views/decorators/csrf.py", line 65, in _view_wrapper
    return view_func(request, *args, **kwargs)
           ^^^^^^^^^^^^^^^^^^^^^^^^^^^^^^^^^^^
  File "/Users/angel/Desktop/Proyecto Grupo BIA/GrupoBIA/proyecto_bia/proyecto_bia/certificado_ldd/views.py", line 362, in api_generar_certificado
    return _handle_get_generar(request)
           ^^^^^^^^^^^^^^^^^^^^^^^^^^^^
  File "/Users/angel/Desktop/Proyecto Grupo BIA/GrupoBIA/proyecto_bia/proyecto_bia/certificado_ldd/views.py", line 412, in _handle_get_generar
    cert, pdf_bytes, err = _render_pdf_for_registro(reg)
                           ^^^^^^^^^^^^^^^^^^^^^^^^^^^^^
  File "/Users/angel/Desktop/Proyecto Grupo BIA/GrupoBIA/proyecto_bia/proyecto_bia/certificado_ldd/views.py", line 252, in _render_pdf_for_registro
    html = render_to_string("pdf_template.html", context)
           ^^^^^^^^^^^^^^^^^^^^^^^^^^^^^^^^^^^^^^^^^^^^^^
  File "/Users/angel/Desktop/Proyecto Grupo BIA/GrupoBIA/venvGrupoBIA/lib/python3.12/site-packages/django/template/loader.py", line 62, in render_to_string
    return template.render(context, request)
           ^^^^^^^^^^^^^^^^^^^^^^^^^^^^^^^^^
  File "/Users/angel/Desktop/Proyecto Grupo BIA/GrupoBIA/venvGrupoBIA/lib/python3.12/site-packages/django/template/backends/django.py", line 107, in render
    return self.template.render(context)
           ^^^^^^^^^^^^^^^^^^^^^^^^^^^^^
  File "/Users/angel/Desktop/Proyecto Grupo BIA/GrupoBIA/venvGrupoBIA/lib/python3.12/site-packages/django/template/base.py", line 171, in render
    return self._render(context)
           ^^^^^^^^^^^^^^^^^^^^^
  File "/Users/angel/Desktop/Proyecto Grupo BIA/GrupoBIA/venvGrupoBIA/lib/python3.12/site-packages/django/template/base.py", line 163, in _render
    return self.nodelist.render(context)
           ^^^^^^^^^^^^^^^^^^^^^^^^^^^^^
  File "/Users/angel/Desktop/Proyecto Grupo BIA/GrupoBIA/venvGrupoBIA/lib/python3.12/site-packages/django/template/base.py", line 1008, in render
    return SafeString("".join([node.render_annotated(context) for node in self]))
                               ^^^^^^^^^^^^^^^^^^^^^^^^^^^^^^
  File "/Users/angel/Desktop/Proyecto Grupo BIA/GrupoBIA/venvGrupoBIA/lib/python3.12/site-packages/django/template/base.py", line 969, in render_annotated
    return self.render(context)
           ^^^^^^^^^^^^^^^^^^^^
  File "/Users/angel/Desktop/Proyecto Grupo BIA/GrupoBIA/venvGrupoBIA/lib/python3.12/site-packages/django/template/base.py", line 1067, in render
    output = self.filter_expression.resolve(context)
             ^^^^^^^^^^^^^^^^^^^^^^^^^^^^^^^^^^^^^^^
  File "/Users/angel/Desktop/Proyecto Grupo BIA/GrupoBIA/venvGrupoBIA/lib/python3.12/site-packages/django/template/base.py", line 739, in resolve
    arg_vals.append(arg.resolve(context))
                    ^^^^^^^^^^^^^^^^^^^^
  File "/Users/angel/Desktop/Proyecto Grupo BIA/GrupoBIA/venvGrupoBIA/lib/python3.12/site-packages/django/template/base.py", line 850, in resolve
    value = self._resolve_lookup(context)
            ^^^^^^^^^^^^^^^^^^^^^^^^^^^^^
  File "/Users/angel/Desktop/Proyecto Grupo BIA/GrupoBIA/venvGrupoBIA/lib/python3.12/site-packages/django/template/base.py", line 906, in _resolve_lookup
    raise VariableDoesNotExist(
django.template.base.VariableDoesNotExist: Failed lookup for key [razon_social] in None
[2025-08-27 12:27:56,621] INFO certificado_ldd.views - [api_generar_certificado] method=POST
[2025-08-27 12:27:56,623] INFO certificado_ldd.views - [_handle_post_generar] hdr X-Requested-With='XMLHttpRequest' Accept='application/json, text/plain, */*' Content-Type='multipart/form-data; boundary=----WebKitFormBoundaryAx6yxMCzSHU0zc5n' Referer='http://localhost:3000/certificado' UA='Mozilla/5.0 (Macintosh; Intel Mac OS X 10_15_7) AppleWebKit/537.36 (KHTML, like Gecko) Chrome/139.0.0.0 Safari/537.36'
[2025-08-27 12:27:56,623] INFO certificado_ldd.views - [_handle_post_generar] POST dni='14752495' id_pago_unico='' prefer_html=False is_ajax=True
[2025-08-27 12:27:57,224] DEBUG certificado_ldd.views - [_is_cancelado] id=245937 estado=agencia externa -> False
[2025-08-27 12:27:57,224] DEBUG certificado_ldd.views - [_is_cancelado] id=9016348 estado=cancelado -> True
[2025-08-27 12:27:57,224] DEBUG certificado_ldd.views - [_is_cancelado] id=27810 estado=cancelado -> True
[2025-08-27 12:27:57,225] DEBUG certificado_ldd.views - [_is_cancelado] id=245937 estado=agencia externa -> False
[2025-08-27 12:27:57,225] DEBUG certificado_ldd.views - [_is_cancelado] id=9016348 estado=cancelado -> True
[2025-08-27 12:27:57,225] DEBUG certificado_ldd.views - [_is_cancelado] id=27810 estado=cancelado -> True
[2025-08-27 12:27:57,225] DEBUG certificado_ldd.views - [_handle_post_generar] DNI=14752495 -> cancelados=2 pendientes=1
[2025-08-27 12:27:57,226] INFO certificado_ldd.views - [_handle_post_generar] M煤ltiples cancelados. is_ajax=True seleccionar_url=http://localhost:8000/api/certificado/seleccionar/?dni=14752495
[2025-08-27 12:27:57,227] WARNING django.request - Bad Request: /api/certificado/generar/
[2025-08-27 12:28:02,138] INFO certificado_ldd.views - [api_generar_certificado] method=GET
[2025-08-27 12:28:02,138] INFO certificado_ldd.views - [_handle_get_generar] GET dni='14752495' id_pago_unico='9016348'
[2025-08-27 12:28:02,544] DEBUG certificado_ldd.views - [_is_cancelado] id=9016348 estado=cancelado -> True
[2025-08-27 12:28:02,544] INFO certificado_ldd.views - [_render_pdf_for_registro] Preparando PDF para id_pago_unico=9016348
[2025-08-27 12:28:02,585] WARNING certificado_ldd.views - [_render_pdf_for_registro] pdf_file apunta a 'certificados_generados/certificado_9016348.pdf' pero no existe en storage; se limpia.
[2025-08-27 12:28:02,627] DEBUG certificado_ldd.views - [get_entidad_emisora] id=9016348 propietario='BIA' interna='TARJETA SHOPPING' -> emisora=BIA
[2025-08-27 12:28:02,666] DEBUG certificado_ldd.views - [_render_pdf_for_registro] Contexto plantilla: keys=['client', 'firma_url', 'responsable', 'cargo', 'entidad_firma', 'entidad_bia', 'entidad_otras']
[2025-08-27 12:28:02,724] ERROR django.request - Internal Server Error: /api/certificado/generar/
Traceback (most recent call last):
  File "/Users/angel/Desktop/Proyecto Grupo BIA/GrupoBIA/venvGrupoBIA/lib/python3.12/site-packages/django/template/base.py", line 883, in _resolve_lookup
    current = current[bit]
              ~~~~~~~^^^^^
TypeError: 'NoneType' object is not subscriptable

During handling of the above exception, another exception occurred:

Traceback (most recent call last):
  File "/Users/angel/Desktop/Proyecto Grupo BIA/GrupoBIA/venvGrupoBIA/lib/python3.12/site-packages/django/template/base.py", line 893, in _resolve_lookup
    current = getattr(current, bit)
              ^^^^^^^^^^^^^^^^^^^^^
AttributeError: 'NoneType' object has no attribute 'razon_social'

During handling of the above exception, another exception occurred:

Traceback (most recent call last):
  File "/Users/angel/Desktop/Proyecto Grupo BIA/GrupoBIA/venvGrupoBIA/lib/python3.12/site-packages/django/template/base.py", line 899, in _resolve_lookup
    current = current[int(bit)]
                      ^^^^^^^^
ValueError: invalid literal for int() with base 10: 'razon_social'

During handling of the above exception, another exception occurred:

Traceback (most recent call last):
  File "/Users/angel/Desktop/Proyecto Grupo BIA/GrupoBIA/venvGrupoBIA/lib/python3.12/site-packages/django/core/handlers/exception.py", line 55, in inner
    response = get_response(request)
               ^^^^^^^^^^^^^^^^^^^^^
  File "/Users/angel/Desktop/Proyecto Grupo BIA/GrupoBIA/venvGrupoBIA/lib/python3.12/site-packages/django/core/handlers/base.py", line 197, in _get_response
    response = wrapped_callback(request, *callback_args, **callback_kwargs)
               ^^^^^^^^^^^^^^^^^^^^^^^^^^^^^^^^^^^^^^^^^^^^^^^^^^^^^^^^^^^^
  File "/Users/angel/Desktop/Proyecto Grupo BIA/GrupoBIA/venvGrupoBIA/lib/python3.12/site-packages/django/views/decorators/csrf.py", line 65, in _view_wrapper
    return view_func(request, *args, **kwargs)
           ^^^^^^^^^^^^^^^^^^^^^^^^^^^^^^^^^^^
  File "/Users/angel/Desktop/Proyecto Grupo BIA/GrupoBIA/proyecto_bia/proyecto_bia/certificado_ldd/views.py", line 362, in api_generar_certificado
    return _handle_get_generar(request)
           ^^^^^^^^^^^^^^^^^^^^^^^^^^^^
  File "/Users/angel/Desktop/Proyecto Grupo BIA/GrupoBIA/proyecto_bia/proyecto_bia/certificado_ldd/views.py", line 412, in _handle_get_generar
    cert, pdf_bytes, err = _render_pdf_for_registro(reg)
                           ^^^^^^^^^^^^^^^^^^^^^^^^^^^^^
  File "/Users/angel/Desktop/Proyecto Grupo BIA/GrupoBIA/proyecto_bia/proyecto_bia/certificado_ldd/views.py", line 252, in _render_pdf_for_registro
    html = render_to_string("pdf_template.html", context)
           ^^^^^^^^^^^^^^^^^^^^^^^^^^^^^^^^^^^^^^^^^^^^^^
  File "/Users/angel/Desktop/Proyecto Grupo BIA/GrupoBIA/venvGrupoBIA/lib/python3.12/site-packages/django/template/loader.py", line 62, in render_to_string
    return template.render(context, request)
           ^^^^^^^^^^^^^^^^^^^^^^^^^^^^^^^^^
  File "/Users/angel/Desktop/Proyecto Grupo BIA/GrupoBIA/venvGrupoBIA/lib/python3.12/site-packages/django/template/backends/django.py", line 107, in render
    return self.template.render(context)
           ^^^^^^^^^^^^^^^^^^^^^^^^^^^^^
  File "/Users/angel/Desktop/Proyecto Grupo BIA/GrupoBIA/venvGrupoBIA/lib/python3.12/site-packages/django/template/base.py", line 171, in render
    return self._render(context)
           ^^^^^^^^^^^^^^^^^^^^^
  File "/Users/angel/Desktop/Proyecto Grupo BIA/GrupoBIA/venvGrupoBIA/lib/python3.12/site-packages/django/template/base.py", line 163, in _render
    return self.nodelist.render(context)
           ^^^^^^^^^^^^^^^^^^^^^^^^^^^^^
  File "/Users/angel/Desktop/Proyecto Grupo BIA/GrupoBIA/venvGrupoBIA/lib/python3.12/site-packages/django/template/base.py", line 1008, in render
    return SafeString("".join([node.render_annotated(context) for node in self]))
                               ^^^^^^^^^^^^^^^^^^^^^^^^^^^^^^
  File "/Users/angel/Desktop/Proyecto Grupo BIA/GrupoBIA/venvGrupoBIA/lib/python3.12/site-packages/django/template/base.py", line 969, in render_annotated
    return self.render(context)
           ^^^^^^^^^^^^^^^^^^^^
  File "/Users/angel/Desktop/Proyecto Grupo BIA/GrupoBIA/venvGrupoBIA/lib/python3.12/site-packages/django/template/base.py", line 1067, in render
    output = self.filter_expression.resolve(context)
             ^^^^^^^^^^^^^^^^^^^^^^^^^^^^^^^^^^^^^^^
  File "/Users/angel/Desktop/Proyecto Grupo BIA/GrupoBIA/venvGrupoBIA/lib/python3.12/site-packages/django/template/base.py", line 739, in resolve
    arg_vals.append(arg.resolve(context))
                    ^^^^^^^^^^^^^^^^^^^^
  File "/Users/angel/Desktop/Proyecto Grupo BIA/GrupoBIA/venvGrupoBIA/lib/python3.12/site-packages/django/template/base.py", line 850, in resolve
    value = self._resolve_lookup(context)
            ^^^^^^^^^^^^^^^^^^^^^^^^^^^^^
  File "/Users/angel/Desktop/Proyecto Grupo BIA/GrupoBIA/venvGrupoBIA/lib/python3.12/site-packages/django/template/base.py", line 906, in _resolve_lookup
    raise VariableDoesNotExist(
django.template.base.VariableDoesNotExist: Failed lookup for key [razon_social] in None
[2025-08-27 12:28:05,271] INFO certificado_ldd.views - [api_generar_certificado] method=GET
[2025-08-27 12:28:05,271] INFO certificado_ldd.views - [_handle_get_generar] GET dni='14752495' id_pago_unico='27810'
[2025-08-27 12:28:05,615] DEBUG certificado_ldd.views - [_is_cancelado] id=27810 estado=cancelado -> True
[2025-08-27 12:28:05,616] INFO certificado_ldd.views - [_render_pdf_for_registro] Preparando PDF para id_pago_unico=27810
[2025-08-27 12:28:05,656] INFO certificado_ldd.views - [_render_pdf_for_registro] PDF existente reutilizado (111198 bytes)
[2025-08-27 12:28:05,657] INFO certificado_ldd.views - [_handle_get_generar] PDF entregado id=27810 (111198 bytes)
[2025-08-27 12:38:37,046] INFO certificado_ldd.views - [api_generar_certificado] method=POST
[2025-08-27 12:38:37,048] INFO certificado_ldd.views - [_handle_post_generar] hdr X-Requested-With='XMLHttpRequest' Accept='application/json, text/plain, */*' Content-Type='multipart/form-data; boundary=----WebKitFormBoundaryWc0gCO3BXCrJQIM2' Referer='http://localhost:3000/certificado' UA='Mozilla/5.0 (Macintosh; Intel Mac OS X 10_15_7) AppleWebKit/537.36 (KHTML, like Gecko) Chrome/139.0.0.0 Safari/537.36'
[2025-08-27 12:38:37,048] INFO certificado_ldd.views - [_handle_post_generar] POST dni='14752495' id_pago_unico='' prefer_html=False is_ajax=True
[2025-08-27 12:38:37,591] DEBUG certificado_ldd.views - [_is_cancelado] id=245937 estado=agencia externa -> False
[2025-08-27 12:38:37,591] DEBUG certificado_ldd.views - [_is_cancelado] id=9016348 estado=cancelado -> True
[2025-08-27 12:38:37,591] DEBUG certificado_ldd.views - [_is_cancelado] id=27810 estado=cancelado -> True
[2025-08-27 12:38:37,591] DEBUG certificado_ldd.views - [_is_cancelado] id=245937 estado=agencia externa -> False
[2025-08-27 12:38:37,591] DEBUG certificado_ldd.views - [_is_cancelado] id=9016348 estado=cancelado -> True
[2025-08-27 12:38:37,592] DEBUG certificado_ldd.views - [_is_cancelado] id=27810 estado=cancelado -> True
[2025-08-27 12:38:37,592] DEBUG certificado_ldd.views - [_handle_post_generar] DNI=14752495 -> cancelados=2 pendientes=1
[2025-08-27 12:38:37,592] INFO certificado_ldd.views - [_handle_post_generar] M煤ltiples cancelados. is_ajax=True seleccionar_url=http://localhost:8000/api/certificado/seleccionar/?dni=14752495
[2025-08-27 12:38:37,593] WARNING django.request - Bad Request: /api/certificado/generar/
[2025-08-27 12:38:40,247] INFO certificado_ldd.views - [api_generar_certificado] method=GET
[2025-08-27 12:38:40,248] INFO certificado_ldd.views - [_handle_get_generar] GET dni='14752495' id_pago_unico='9016348'
[2025-08-27 12:38:40,591] DEBUG certificado_ldd.views - [_is_cancelado] id=9016348 estado=cancelado -> True
[2025-08-27 12:38:40,592] INFO certificado_ldd.views - [_render_pdf_for_registro] Preparando PDF para id_pago_unico=9016348
[2025-08-27 12:38:40,635] WARNING certificado_ldd.views - [_render_pdf_for_registro] pdf_file apunta a 'certificados_generados/certificado_9016348.pdf' pero no existe en storage; se limpia.
[2025-08-27 12:38:40,677] DEBUG certificado_ldd.views - [get_entidad_emisora] id=9016348 propietario='BIA' interna='TARJETA SHOPPING' -> emisora=BIA
[2025-08-27 12:38:40,719] DEBUG certificado_ldd.views - [_render_pdf_for_registro] Contexto plantilla: keys=['client', 'firma_url', 'responsable', 'cargo', 'entidad_firma', 'entidad_bia', 'entidad_otras']
[2025-08-27 12:38:40,724] DEBUG certificado_ldd.views - [_render_pdf_for_registro] HTML renderizado (len=2025)
[2025-08-27 12:38:40,725] DEBUG certificado_ldd.views - [generate_pdf] Iniciando render HTML->PDF (len(html)=2025)
[2025-08-27 12:38:40,802] DEBUG certificado_ldd.views - [generate_pdf] PDF generado OK (111230 bytes)
[2025-08-27 12:38:40,845] INFO certificado_ldd.views - [_render_pdf_for_registro] PDF guardado como certificado_9016348.pdf
[2025-08-27 12:38:40,845] INFO certificado_ldd.views - [_handle_get_generar] PDF entregado id=9016348 (111230 bytes)
[2025-08-27 12:38:53,820] INFO certificado_ldd.views - [api_generar_certificado] method=GET
[2025-08-27 12:38:53,821] INFO certificado_ldd.views - [_handle_get_generar] GET dni='14752495' id_pago_unico='27810'
[2025-08-27 12:38:54,196] DEBUG certificado_ldd.views - [_is_cancelado] id=27810 estado=cancelado -> True
[2025-08-27 12:38:54,197] INFO certificado_ldd.views - [_render_pdf_for_registro] Preparando PDF para id_pago_unico=27810
[2025-08-27 12:38:54,237] INFO certificado_ldd.views - [_render_pdf_for_registro] PDF existente reutilizado (111198 bytes)
[2025-08-27 12:38:54,238] INFO certificado_ldd.views - [_handle_get_generar] PDF entregado id=27810 (111198 bytes)
